Using pre-set license
Built from '2020.3/staging' branch; Version is '2020.3.11f1 (99c7afb366b3) revision 10078127'; Using compiler version '192528614'; Build Type 'Release'
OS: 'Windows 10 Pro; OS build 19042.928; Version 2009; 64bit' Language: 'en' Physical Memory: 8005 MB
BatchMode: 1, IsHumanControllingUs: 0, StartBugReporterOnCrash: 0, Is64bit: 1, IsPro: 0

 COMMAND LINE ARGUMENTS:
D:\Unity\2020.3.11f1\Editor\Unity.exe
-adb2
-batchMode
-noUpm
-name
AssetImportWorker0
-projectPath
D:/Unity/MyProject/CountRush
-logFile
Logs/AssetImportWorker0.log
-srvPort
60162
Successfully changed project path to: D:/Unity/MyProject/CountRush
D:/Unity/MyProject/CountRush
Using Asset Import Pipeline V2.
Refreshing native plugins compatible for Editor in 31.14 ms, found 2 plugins.
Preloading 0 native plugins for Editor in 0.00 ms.
Initialize engine version: 2020.3.11f1 (99c7afb366b3)
[Subsystems] Discovering subsystems at path D:/Unity/2020.3.11f1/Editor/Data/Resources/UnitySubsystems
[Subsystems] Discovering subsystems at path D:/Unity/MyProject/CountRush/Assets
GfxDevice: creating device client; threaded=0
Direct3D:
    Version:  Direct3D 11.0 [level 11.1]
    Renderer: NVIDIA GeForce MX230 (ID=0x1d11)
    Vendor:   
    VRAM:     1984 MB
    Driver:   25.21.14.1788
Initialize mono
Mono path[0] = 'D:/Unity/2020.3.11f1/Editor/Data/Managed'
Mono path[1] = 'D:/Unity/2020.3.11f1/Editor/Data/MonoBleedingEdge/lib/mono/unityjit'
Mono config path = 'D:/Unity/2020.3.11f1/Editor/Data/MonoBleedingEdge/etc'
Using monoOptions --debugger-agent=transport=dt_socket,embedding=1,server=y,suspend=n,address=127.0.0.1:56036
Begin MonoManager ReloadAssembly
Registering precompiled unity dll's ...
Register platform support module: D:/Unity/2020.3.11f1/Editor/Data/PlaybackEngines/WebGLSupport/UnityEditor.WebGL.Extensions.dll
Register platform support module: D:/Unity/2020.3.11f1/Editor/Data/PlaybackEngines/WindowsStandaloneSupport/UnityEditor.WindowsStandalone.Extensions.dll
Registered in 0.001370 seconds.
Native extension for WindowsStandalone target not found
Native extension for WebGL target not found
Refreshing native plugins compatible for Editor in 30.25 ms, found 2 plugins.
Preloading 0 native plugins for Editor in 0.00 ms.
Mono: successfully reloaded assembly
- Completed reload, in  2.245 seconds
Platform modules already initialized, skipping
Registering precompiled user dll's ...
Registered in 0.003479 seconds.
Begin MonoManager ReloadAssembly
Native extension for WindowsStandalone target not found
Native extension for WebGL target not found
Refreshing native plugins compatible for Editor in 0.33 ms, found 2 plugins.
Preloading 0 native plugins for Editor in 0.00 ms.
Mono: successfully reloaded assembly
- Completed reload, in  1.000 seconds
Platform modules already initialized, skipping
========================================================================
Worker process is ready to serve import requests
Launched and connected shader compiler UnityShaderCompiler.exe after 0.09 seconds
Refreshing native plugins compatible for Editor in 0.36 ms, found 2 plugins.
Preloading 0 native plugins for Editor in 0.00 ms.
Unloading 1480 Unused Serialized files (Serialized files now loaded: 0)
System memory in use before: 69.5 MB.
System memory in use after: 69.6 MB.

Unloading 19 unused Assets to reduce memory usage. Loaded Objects now: 1919.
Total: 2.293000 ms (FindLiveObjects: 0.184200 ms CreateObjectMapping: 0.047300 ms MarkObjects: 1.949800 ms  DeleteObjects: 0.110700 ms)

========================================================================
Received Import Request.
  path: Assets/Scripts/CharactersControll/CharacterMovement.cs
  artifactKey: Guid(9491e194603d80a40adb2255472184f3) Importer(815301076,1909f56bfc062723c751e8b465ee728b)
Start importing Assets/Scripts/CharactersControll/CharacterMovement.cs using Guid(9491e194603d80a40adb2255472184f3) Importer(815301076,1909f56bfc062723c751e8b465ee728b)  -> (artifact id: '7d907bd679c1a71a08a8649079361a0f') in 0.281496 seconds
  Import took 0.361601 seconds .

========================================================================
Received Import Request.
  Time since last request: 2.398968 seconds.
  path: Assets/Scripts/CharactersControll/CollisionContact.cs
  artifactKey: Guid(70d944b5343bd9147895e66c37745b0f) Importer(815301076,1909f56bfc062723c751e8b465ee728b)
Start importing Assets/Scripts/CharactersControll/CollisionContact.cs using Guid(70d944b5343bd9147895e66c37745b0f) Importer(815301076,1909f56bfc062723c751e8b465ee728b)  -> (artifact id: '4cc8737a1863ea4ee9e53055f82e7928') in 0.047928 seconds
  Import took 0.160299 seconds .

========================================================================
Received Prepare
Registering precompiled user dll's ...
Registered in 0.061402 seconds.
Begin MonoManager ReloadAssembly
Native extension for WindowsStandalone target not found
Native extension for WebGL target not found
Refreshing native plugins compatible for Editor in 0.39 ms, found 2 plugins.
Preloading 0 native plugins for Editor in 0.00 ms.
Mono: successfully reloaded assembly
- Completed reload, in  0.940 seconds
Platform modules already initialized, skipping
Switching build target platform(19) subTarget(0) extendedPlatform(0) -> platform(13) subTarget(537395200) extendedPlatform(0)
Refreshing native plugins compatible for Editor in 0.35 ms, found 2 plugins.
Preloading 0 native plugins for Editor in 0.00 ms.
Unloading 1504 Unused Serialized files (Serialized files now loaded: 0)
System memory in use before: 69.2 MB.
System memory in use after: 69.3 MB.

Unloading 15 unused Assets to reduce memory usage. Loaded Objects now: 1954.
Total: 2.568800 ms (FindLiveObjects: 0.459800 ms CreateObjectMapping: 0.106200 ms MarkObjects: 1.922400 ms  DeleteObjects: 0.079600 ms)

AssetImportParameters requested are different than current active one (requested -> active):
  custom:graphics/normal-map-encoding: 01000000000000000000000000000000 -> 02000000000000000000000000000000
========================================================================
Received Import Request.
  Time since last request: 609.281707 seconds.
  path: Assets/CandyCrashLikeGame-master
  artifactKey: Guid(079bdeebf2df5d143a6fcf8989a72e00) Importer(815301076,1909f56bfc062723c751e8b465ee728b)
Start importing Assets/CandyCrashLikeGame-master using Guid(079bdeebf2df5d143a6fcf8989a72e00) Importer(815301076,1909f56bfc062723c751e8b465ee728b)  -> (artifact id: '8d0dfb52f41d5f2148bfb6ec6ab32461') in 0.009550 seconds
  Import took 0.038439 seconds .

========================================================================
Received Import Request.
  Time since last request: 0.769270 seconds.
  path: Assets/CandyCrashLikeGame-master/CandyCrashLikeGame-master
  artifactKey: Guid(f639426dde503ce4a8a62e5140183526) Importer(815301076,1909f56bfc062723c751e8b465ee728b)
Start importing Assets/CandyCrashLikeGame-master/CandyCrashLikeGame-master using Guid(f639426dde503ce4a8a62e5140183526) Importer(815301076,1909f56bfc062723c751e8b465ee728b)  -> (artifact id: 'c4efb6f3ee6ec09777f82d11922bce93') in 0.003695 seconds
  Import took 0.019418 seconds .

========================================================================
Received Import Request.
  Time since last request: 0.289426 seconds.
  path: Assets/CandyCrashLikeGame-master/CandyCrashLikeGame-master/Assets
  artifactKey: Guid(7cc9d4f209cca9a49b3600dad5e8a46d) Importer(815301076,1909f56bfc062723c751e8b465ee728b)
Start importing Assets/CandyCrashLikeGame-master/CandyCrashLikeGame-master/Assets using Guid(7cc9d4f209cca9a49b3600dad5e8a46d) Importer(815301076,1909f56bfc062723c751e8b465ee728b)  -> (artifact id: '6715d3d666a9c2d6e374a9b9833af537') in 0.022703 seconds
  Import took 0.041589 seconds .

========================================================================
Received Import Request.
  Time since last request: 2.029324 seconds.
  path: Assets/CandyCrashLikeGame-master/CandyCrashLikeGame-master/Assets/Scenes
  artifactKey: Guid(2e73f9b45be3136459a53e3ce025de4a) Importer(815301076,1909f56bfc062723c751e8b465ee728b)
Start importing Assets/CandyCrashLikeGame-master/CandyCrashLikeGame-master/Assets/Scenes using Guid(2e73f9b45be3136459a53e3ce025de4a) Importer(815301076,1909f56bfc062723c751e8b465ee728b)  -> (artifact id: 'baeaafbcb1899254fa7aaddafa666930') in 0.021624 seconds
  Import took 0.024028 seconds .

========================================================================
Received Import Request.
  Time since last request: 3.601235 seconds.
  path: Assets/CandyCrashLikeGame-master/CandyCrashLikeGame-master/Assets/Scenes/SampleScene.unity
  artifactKey: Guid(2cda990e2423bbf4892e6590ba056729) Importer(815301076,1909f56bfc062723c751e8b465ee728b)
Start importing Assets/CandyCrashLikeGame-master/CandyCrashLikeGame-master/Assets/Scenes/SampleScene.unity using Guid(2cda990e2423bbf4892e6590ba056729) Importer(815301076,1909f56bfc062723c751e8b465ee728b)  -> (artifact id: '9152dd8f04bd5f9818737d099d424064') in 0.017446 seconds
  Import took 0.155413 seconds .

========================================================================
Received Prepare
Registering precompiled user dll's ...
Registered in 0.003355 seconds.
Begin MonoManager ReloadAssembly
Native extension for WindowsStandalone target not found
Native extension for WebGL target not found
Refreshing native plugins compatible for Editor in 0.42 ms, found 2 plugins.
Preloading 0 native plugins for Editor in 0.00 ms.
Mono: successfully reloaded assembly
- Completed reload, in  1.418 seconds
Platform modules already initialized, skipping
Switching build target platform(19) subTarget(0) extendedPlatform(0) -> platform(13) subTarget(537395200) extendedPlatform(0)
Refreshing native plugins compatible for Editor in 0.49 ms, found 2 plugins.
Preloading 0 native plugins for Editor in 0.00 ms.
Unloading 1471 Unused Serialized files (Serialized files now loaded: 0)
System memory in use before: 68.6 MB.
System memory in use after: 68.7 MB.

Unloading 44 unused Assets to reduce memory usage. Loaded Objects now: 1927.
Total: 2.467000 ms (FindLiveObjects: 0.216200 ms CreateObjectMapping: 0.080900 ms MarkObjects: 2.034500 ms  DeleteObjects: 0.133300 ms)

AssetImportParameters requested are different than current active one (requested -> active):
  custom:graphics/normal-map-encoding: 01000000000000000000000000000000 -> 02000000000000000000000000000000
========================================================================
Received Prepare
Registering precompiled user dll's ...
Registered in 0.003825 seconds.
Begin MonoManager ReloadAssembly
Native extension for WindowsStandalone target not found
Native extension for WebGL target not found
Refreshing native plugins compatible for Editor in 0.38 ms, found 2 plugins.
Preloading 0 native plugins for Editor in 0.00 ms.
Mono: successfully reloaded assembly
- Completed reload, in  0.983 seconds
Platform modules already initialized, skipping
Switching build target platform(19) subTarget(0) extendedPlatform(0) -> platform(13) subTarget(537395200) extendedPlatform(0)
Refreshing native plugins compatible for Editor in 0.33 ms, found 2 plugins.
Preloading 0 native plugins for Editor in 0.00 ms.
Unloading 1471 Unused Serialized files (Serialized files now loaded: 0)
System memory in use before: 68.5 MB.
System memory in use after: 68.6 MB.

Unloading 14 unused Assets to reduce memory usage. Loaded Objects now: 1930.
Total: 2.356000 ms (FindLiveObjects: 0.150900 ms CreateObjectMapping: 0.044600 ms MarkObjects: 2.046200 ms  DeleteObjects: 0.113500 ms)

AssetImportParameters requested are different than current active one (requested -> active):
  custom:graphics/normal-map-encoding: 01000000000000000000000000000000 -> 02000000000000000000000000000000
========================================================================
Received Import Request.
  Time since last request: 88.638251 seconds.
  path: Assets/Assets
  artifactKey: Guid(50c1e70ed2be8994ab9768ecc6215889) Importer(815301076,1909f56bfc062723c751e8b465ee728b)
Start importing Assets/Assets using Guid(50c1e70ed2be8994ab9768ecc6215889) Importer(815301076,1909f56bfc062723c751e8b465ee728b)  -> (artifact id: '26b9d05a8bca67196d95068fc80939c5') in 0.008724 seconds
  Import took 0.034284 seconds .

========================================================================
Received Import Request.
  Time since last request: 0.240192 seconds.
  path: Assets/Assets/1.PNG
  artifactKey: Guid(e25ebb4216c0f3d41b7f61360ce942fd) Importer(815301076,1909f56bfc062723c751e8b465ee728b)
Start importing Assets/Assets/1.PNG using Guid(e25ebb4216c0f3d41b7f61360ce942fd) Importer(815301076,1909f56bfc062723c751e8b465ee728b)  -> (artifact id: '1031ca3c76a8ebf347025ad3911cad41') in 0.212995 seconds
  Import took 0.215714 seconds .

========================================================================
Received Import Request.
  Time since last request: 2.284045 seconds.
  path: Assets/Assets/Scenes
  artifactKey: Guid(273c2a3958798a6439b7cc85cc8cd8ec) Importer(815301076,1909f56bfc062723c751e8b465ee728b)
Start importing Assets/Assets/Scenes using Guid(273c2a3958798a6439b7cc85cc8cd8ec) Importer(815301076,1909f56bfc062723c751e8b465ee728b)  -> (artifact id: '8ac64f737bc94c2783172623b22a2a1f') in 0.009111 seconds
  Import took 0.019271 seconds .

========================================================================
Received Import Request.
  Time since last request: 1.086459 seconds.
  path: Assets/Assets/Scenes/levelScens.unity
  artifactKey: Guid(2a6fa6682a5976845b5c7d7688fc0f4b) Importer(815301076,1909f56bfc062723c751e8b465ee728b)
Start importing Assets/Assets/Scenes/levelScens.unity using Guid(2a6fa6682a5976845b5c7d7688fc0f4b) Importer(815301076,1909f56bfc062723c751e8b465ee728b)  -> (artifact id: 'ebb35558c7bf49636813fe81e90dbc8f') in 0.034152 seconds
  Import took 0.041312 seconds .

========================================================================
Received Import Request.
  Time since last request: 14.926937 seconds.
  path: Assets/Assets/Free Loops/Hope - Loop Free.mp3
  artifactKey: Guid(5aa22ef1b3964bc479464e0a604ffb81) Importer(815301076,1909f56bfc062723c751e8b465ee728b)
Start importing Assets/Assets/Free Loops/Hope - Loop Free.mp3 using Guid(5aa22ef1b3964bc479464e0a604ffb81) Importer(815301076,1909f56bfc062723c751e8b465ee728b)  -> (artifact id: 'b891018ab59dc5ad460b31788896dc61') in 0.094968 seconds
  Import took 0.098211 seconds .

========================================================================
Received Import Request.
  Time since last request: 0.411375 seconds.
  path: Assets/Assets/Material/Circle.mat
  artifactKey: Guid(c386756aed4bde04a9dad32781507efb) Importer(815301076,1909f56bfc062723c751e8b465ee728b)
Start importing Assets/Assets/Material/Circle.mat using Guid(c386756aed4bde04a9dad32781507efb) Importer(815301076,1909f56bfc062723c751e8b465ee728b)  -> (artifact id: '6f0eb62dd32eab52086702214c33788e') in 0.157301 seconds
  Import took 0.171597 seconds .

========================================================================
Received Import Request.
  Time since last request: 0.000578 seconds.
  path: Assets/Assets/Material/Ring.mat
  artifactKey: Guid(78b9036012d87544ea5c98f1bd0ab023) Importer(815301076,1909f56bfc062723c751e8b465ee728b)
Start importing Assets/Assets/Material/Ring.mat using Guid(78b9036012d87544ea5c98f1bd0ab023) Importer(815301076,1909f56bfc062723c751e8b465ee728b)  -> (artifact id: '2715030120b448ba7b6d6e1fa88d1272') in 0.013488 seconds
  Import took 0.016854 seconds .

========================================================================
Received Import Request.
  Time since last request: 0.305749 seconds.
  path: Assets/Assets/Prefabs/BG.prefab
  artifactKey: Guid(1b0965429e1cebf4aa9fc996e36b2860) Importer(815301076,1909f56bfc062723c751e8b465ee728b)
Start importing Assets/Assets/Prefabs/BG.prefab using Guid(1b0965429e1cebf4aa9fc996e36b2860) Importer(815301076,1909f56bfc062723c751e8b465ee728b)  -> (artifact id: '12993038dfc45d5f818deb1953a693fa') in 0.071423 seconds
  Import took 0.075480 seconds .

========================================================================
Received Import Request.
  Time since last request: 0.000443 seconds.
  path: Assets/Assets/Prefabs/CircleRed.prefab
  artifactKey: Guid(7555dd07f97c1df4d936ec1fe5070f55) Importer(815301076,1909f56bfc062723c751e8b465ee728b)
Start importing Assets/Assets/Prefabs/CircleRed.prefab using Guid(7555dd07f97c1df4d936ec1fe5070f55) Importer(815301076,1909f56bfc062723c751e8b465ee728b)  -> (artifact id: 'c196c41c20e1e81f341bcecd1a7dd404') in 0.036276 seconds
  Import took 0.048508 seconds .

========================================================================
Received Import Request.
  Time since last request: 0.000313 seconds.
  path: Assets/Assets/Prefabs/CircleGreen.prefab
  artifactKey: Guid(8209bd8239f0fb34195d949b3a14e9ba) Importer(815301076,1909f56bfc062723c751e8b465ee728b)
Start importing Assets/Assets/Prefabs/CircleGreen.prefab using Guid(8209bd8239f0fb34195d949b3a14e9ba) Importer(815301076,1909f56bfc062723c751e8b465ee728b)  -> (artifact id: 'f1def33fe5ab2835a8113439fe899e7a') in 0.026537 seconds
  Import took 0.029247 seconds .

========================================================================
Received Import Request.
  Time since last request: 0.000301 seconds.
  path: Assets/Assets/Prefabs/CircleBrg.prefab
  artifactKey: Guid(963f83005fb2a8d4bb63df15672c6cac) Importer(815301076,1909f56bfc062723c751e8b465ee728b)
Start importing Assets/Assets/Prefabs/CircleBrg.prefab using Guid(963f83005fb2a8d4bb63df15672c6cac) Importer(815301076,1909f56bfc062723c751e8b465ee728b)  -> (artifact id: '3e2e5f8b0a4eb59196e6880bc4d1d6de') in 0.020622 seconds
  Import took 0.023396 seconds .

========================================================================
Received Import Request.
  Time since last request: 0.000486 seconds.
  path: Assets/Assets/Prefabs/CirclePink.prefab
  artifactKey: Guid(d962d765642bbf04c800edd98107f607) Importer(815301076,1909f56bfc062723c751e8b465ee728b)
Start importing Assets/Assets/Prefabs/CirclePink.prefab using Guid(d962d765642bbf04c800edd98107f607) Importer(815301076,1909f56bfc062723c751e8b465ee728b)  -> (artifact id: '6e2df45ecec38046a159196c37505224') in 0.028048 seconds
  Import took 0.038238 seconds .

========================================================================
Received Import Request.
  Time since last request: 0.000324 seconds.
  path: Assets/Assets/Prefabs/CircleBlue.prefab
  artifactKey: Guid(811335e2eb84ad44f90c76c3b3aac279) Importer(815301076,1909f56bfc062723c751e8b465ee728b)
Start importing Assets/Assets/Prefabs/CircleBlue.prefab using Guid(811335e2eb84ad44f90c76c3b3aac279) Importer(815301076,1909f56bfc062723c751e8b465ee728b)  -> (artifact id: '74033cd4ab2e08b778d9dec339ad8a53') in 0.013942 seconds
  Import took 0.023455 seconds .

========================================================================
Received Import Request.
  Time since last request: 0.000223 seconds.
  path: Assets/Assets/Prefabs/HepParticle.prefab
  artifactKey: Guid(270484a9ec25c194fb90730b63bffc5f) Importer(815301076,1909f56bfc062723c751e8b465ee728b)
Start importing Assets/Assets/Prefabs/HepParticle.prefab using Guid(270484a9ec25c194fb90730b63bffc5f) Importer(815301076,1909f56bfc062723c751e8b465ee728b)  -> (artifact id: '1d6e51780fe05e652a7204f29907ca38') in 0.027279 seconds
  Import took 0.034833 seconds .

========================================================================
Received Import Request.
  Time since last request: 0.000302 seconds.
  path: Assets/Assets/Prefabs/CircleOrange.prefab
  artifactKey: Guid(b3777da101caeea4b9fa08b9d04bf4a6) Importer(815301076,1909f56bfc062723c751e8b465ee728b)
Start importing Assets/Assets/Prefabs/CircleOrange.prefab using Guid(b3777da101caeea4b9fa08b9d04bf4a6) Importer(815301076,1909f56bfc062723c751e8b465ee728b)  -> (artifact id: 'd4674dd6e9c3447868052bc75ef6eef4') in 0.014877 seconds
  Import took 0.023800 seconds .

========================================================================
Received Import Request.
  Time since last request: 0.000286 seconds.
  path: Assets/Assets/Prefabs/BotDispather.prefab
  artifactKey: Guid(7f27e9f4d553ff147adeb89ac038ebd1) Importer(815301076,1909f56bfc062723c751e8b465ee728b)
Start importing Assets/Assets/Prefabs/BotDispather.prefab using Guid(7f27e9f4d553ff147adeb89ac038ebd1) Importer(815301076,1909f56bfc062723c751e8b465ee728b)  -> (artifact id: 'a82382fc469e9486bd3f55cb4256b0d7') in 0.006839 seconds
  Import took 0.020903 seconds .

========================================================================
Received Import Request.
  Time since last request: 0.000273 seconds.
  path: Assets/Assets/Prefabs/CircleYelow.prefab
  artifactKey: Guid(d56270bfa7ead6545b0426aa53261546) Importer(815301076,1909f56bfc062723c751e8b465ee728b)
Start importing Assets/Assets/Prefabs/CircleYelow.prefab using Guid(d56270bfa7ead6545b0426aa53261546) Importer(815301076,1909f56bfc062723c751e8b465ee728b)  -> (artifact id: 'a30675b86bb68cf9ab6b19065b7333a2') in 0.013954 seconds
  Import took 0.016577 seconds .

========================================================================
Received Import Request.
  Time since last request: 0.000266 seconds.
  path: Assets/Assets/Prefabs/DestroyParticle.prefab
  artifactKey: Guid(b695a173578f8aa40ad3c33c35bd5743) Importer(815301076,1909f56bfc062723c751e8b465ee728b)
Start importing Assets/Assets/Prefabs/DestroyParticle.prefab using Guid(b695a173578f8aa40ad3c33c35bd5743) Importer(815301076,1909f56bfc062723c751e8b465ee728b)  -> (artifact id: '1751720cf9b5a125d64eba945f23eee1') in 0.006417 seconds
  Import took 0.009084 seconds .

========================================================================
Received Import Request.
  Time since last request: 4.956069 seconds.
  path: Assets/Assets/Sprite/Brick.png
  artifactKey: Guid(83babca835efe384da1639fbdca93759) Importer(815301076,1909f56bfc062723c751e8b465ee728b)
Start importing Assets/Assets/Sprite/Brick.png using Guid(83babca835efe384da1639fbdca93759) Importer(815301076,1909f56bfc062723c751e8b465ee728b)  -> (artifact id: 'c8ed65a0cae237b77f96d679f89d45e1') in 0.020776 seconds
  Import took 0.031753 seconds .

========================================================================
Received Import Request.
  Time since last request: 0.000421 seconds.
  path: Assets/Assets/Sprite/Icon_question.png
  artifactKey: Guid(f660a012d8073fb4787af66e2079d58a) Importer(815301076,1909f56bfc062723c751e8b465ee728b)
Start importing Assets/Assets/Sprite/Icon_question.png using Guid(f660a012d8073fb4787af66e2079d58a) Importer(815301076,1909f56bfc062723c751e8b465ee728b)  -> (artifact id: 'e10e233062e72d1b46b7b9bbf4695148') in 0.016006 seconds
  Import took 0.036085 seconds .

========================================================================
Received Import Request.
  Time since last request: 0.000392 seconds.
  path: Assets/Assets/Sprite/Ring.png
  artifactKey: Guid(79fe8be715b90084d84e7ec5e6f9f345) Importer(815301076,1909f56bfc062723c751e8b465ee728b)
Start importing Assets/Assets/Sprite/Ring.png using Guid(79fe8be715b90084d84e7ec5e6f9f345) Importer(815301076,1909f56bfc062723c751e8b465ee728b)  -> (artifact id: '77644c55c1f2e763ae86d0f1644f93a8') in 0.034267 seconds
  Import took 0.037173 seconds .

========================================================================
Received Import Request.
  Time since last request: 0.000334 seconds.
  path: Assets/Assets/Sprite/CircledPause.png
  artifactKey: Guid(d3c6bb67a608137488f00a9b2692d782) Importer(815301076,1909f56bfc062723c751e8b465ee728b)
Start importing Assets/Assets/Sprite/CircledPause.png using Guid(d3c6bb67a608137488f00a9b2692d782) Importer(815301076,1909f56bfc062723c751e8b465ee728b)  -> (artifact id: '96a2786b1aa6244d3ec8ffadafedf9d0') in 0.026099 seconds
  Import took 0.046888 seconds .

========================================================================
Received Import Request.
  Time since last request: 0.000373 seconds.
  path: Assets/Assets/Sprite/CircleParticle.png
  artifactKey: Guid(f1a4737009c77f042a2db987abbc6c45) Importer(815301076,1909f56bfc062723c751e8b465ee728b)
Start importing Assets/Assets/Sprite/CircleParticle.png using Guid(f1a4737009c77f042a2db987abbc6c45) Importer(815301076,1909f56bfc062723c751e8b465ee728b)  -> (artifact id: 'd0b9c4ad58c2ca3bb20d599bf0cd86d4') in 0.041855 seconds
  Import took 0.053970 seconds .

========================================================================
Received Import Request.
  Time since last request: 0.000632 seconds.
  path: Assets/Assets/Sprite/Timer.png
  artifactKey: Guid(1f18724cca222c949acc825dfebac277) Importer(815301076,1909f56bfc062723c751e8b465ee728b)
Start importing Assets/Assets/Sprite/Timer.png using Guid(1f18724cca222c949acc825dfebac277) Importer(815301076,1909f56bfc062723c751e8b465ee728b)  -> (artifact id: '9318d0925fad90cab5b5347d2cf2dcd8') in 0.024641 seconds
  Import took 0.053758 seconds .

========================================================================
Received Import Request.
  Time since last request: 0.000610 seconds.
  path: Assets/Assets/Sprite/SoundPNH.png
  artifactKey: Guid(c0e228bb5e801c94fa3aa57fc3b50227) Importer(815301076,1909f56bfc062723c751e8b465ee728b)
Start importing Assets/Assets/Sprite/SoundPNH.png using Guid(c0e228bb5e801c94fa3aa57fc3b50227) Importer(815301076,1909f56bfc062723c751e8b465ee728b)  -> (artifact id: '791a31b887a5a5e2b2f3e3c6f0244cbe') in 0.019266 seconds
  Import took 0.029486 seconds .

========================================================================
Received Import Request.
  Time since last request: 0.000343 seconds.
  path: Assets/Assets/Sprite/colorCool.JPG
  artifactKey: Guid(9da78f5a48c846040b3e0ceb2a8b0fb1) Importer(815301076,1909f56bfc062723c751e8b465ee728b)
Start importing Assets/Assets/Sprite/colorCool.JPG using Guid(9da78f5a48c846040b3e0ceb2a8b0fb1) Importer(815301076,1909f56bfc062723c751e8b465ee728b)  -> (artifact id: '542517d7d74ece30c54a1e0a25734f31') in 0.014256 seconds
  Import took 0.037697 seconds .

========================================================================
Received Import Request.
  Time since last request: 0.000293 seconds.
  path: Assets/Assets/Sprite/Circle.png
  artifactKey: Guid(af05b44608b43734392201d40a99c033) Importer(815301076,1909f56bfc062723c751e8b465ee728b)
Start importing Assets/Assets/Sprite/Circle.png using Guid(af05b44608b43734392201d40a99c033) Importer(815301076,1909f56bfc062723c751e8b465ee728b)  -> (artifact id: '9e16b0df08151a4ef1a422d44d9c4c91') in 0.013186 seconds
  Import took 0.015738 seconds .

========================================================================
Received Prepare
Registering precompiled user dll's ...
Registered in 0.003319 seconds.
Begin MonoManager ReloadAssembly
Native extension for WindowsStandalone target not found
Native extension for WebGL target not found
Refreshing native plugins compatible for Editor in 0.34 ms, found 2 plugins.
Preloading 0 native plugins for Editor in 0.00 ms.
Mono: successfully reloaded assembly
- Completed reload, in  0.969 seconds
Platform modules already initialized, skipping
Switching build target platform(19) subTarget(0) extendedPlatform(0) -> platform(13) subTarget(537395200) extendedPlatform(0)
Refreshing native plugins compatible for Editor in 0.34 ms, found 2 plugins.
Preloading 0 native plugins for Editor in 0.00 ms.
Unloading 1471 Unused Serialized files (Serialized files now loaded: 0)
System memory in use before: 72.0 MB.
System memory in use after: 72.1 MB.

Unloading 14 unused Assets to reduce memory usage. Loaded Objects now: 1981.
Total: 2.186900 ms (FindLiveObjects: 0.158000 ms CreateObjectMapping: 0.042500 ms MarkObjects: 1.869800 ms  DeleteObjects: 0.115300 ms)

AssetImportParameters requested are different than current active one (requested -> active):
  custom:graphics/normal-map-encoding: 01000000000000000000000000000000 -> 02000000000000000000000000000000
========================================================================
Received Import Request.
  Time since last request: 15.495874 seconds.
  path: Assets/Scenes/Level1.unity
  artifactKey: Guid(9fc0d4010bbf28b4594072e72b8655ab) Importer(815301076,1909f56bfc062723c751e8b465ee728b)
Start importing Assets/Scenes/Level1.unity using Guid(9fc0d4010bbf28b4594072e72b8655ab) Importer(815301076,1909f56bfc062723c751e8b465ee728b)  -> (artifact id: '66c3dad03933bb409e7addbfe01682a5') in 0.055001 seconds
  Import took 0.057737 seconds .

========================================================================
Received Prepare
Registering precompiled user dll's ...
Registered in 0.003290 seconds.
Begin MonoManager ReloadAssembly
Native extension for WindowsStandalone target not found
Native extension for WebGL target not found
Refreshing native plugins compatible for Editor in 0.43 ms, found 2 plugins.
Preloading 0 native plugins for Editor in 0.00 ms.
Mono: successfully reloaded assembly
- Completed reload, in  0.959 seconds
Platform modules already initialized, skipping
Switching build target platform(19) subTarget(0) extendedPlatform(0) -> platform(13) subTarget(537395200) extendedPlatform(0)
Refreshing native plugins compatible for Editor in 0.34 ms, found 2 plugins.
Preloading 0 native plugins for Editor in 0.00 ms.
Unloading 1475 Unused Serialized files (Serialized files now loaded: 0)
System memory in use before: 72.1 MB.
System memory in use after: 72.2 MB.

Unloading 14 unused Assets to reduce memory usage. Loaded Objects now: 1988.
Total: 2.113300 ms (FindLiveObjects: 0.154800 ms CreateObjectMapping: 0.039400 ms MarkObjects: 1.818000 ms  DeleteObjects: 0.100100 ms)

AssetImportParameters requested are different than current active one (requested -> active):
  custom:graphics/normal-map-encoding: 01000000000000000000000000000000 -> 02000000000000000000000000000000
========================================================================
Received Import Request.
  Time since last request: 33.549123 seconds.
  path: Assets/Assets/Scripts
  artifactKey: Guid(7cf9f70183c57d9439a78f8c6cffac38) Importer(815301076,1909f56bfc062723c751e8b465ee728b)
Start importing Assets/Assets/Scripts using Guid(7cf9f70183c57d9439a78f8c6cffac38) Importer(815301076,1909f56bfc062723c751e8b465ee728b)  -> (artifact id: 'c42ac1ad1b649f5cd19bcf02d5c02d10') in 0.027853 seconds
  Import took 0.030678 seconds .

========================================================================
Received Import Request.
  Time since last request: 3.583699 seconds.
  path: Assets/Assets/Assets
  artifactKey: Guid(8130c6a8fc2b6884e8f69c24bd93934d) Importer(815301076,1909f56bfc062723c751e8b465ee728b)
Start importing Assets/Assets/Assets using Guid(8130c6a8fc2b6884e8f69c24bd93934d) Importer(815301076,1909f56bfc062723c751e8b465ee728b)  -> (artifact id: 'a57bd8e0374636d92a0b5309810c9612') in 0.012430 seconds
  Import took 0.027360 seconds .

========================================================================
Received Import Request.
  Time since last request: 1.650386 seconds.
  path: Assets/Assets/Assets/candy.unity
  artifactKey: Guid(a3a4246d09bb479498d097fdac22a41c) Importer(815301076,1909f56bfc062723c751e8b465ee728b)
Start importing Assets/Assets/Assets/candy.unity using Guid(a3a4246d09bb479498d097fdac22a41c) Importer(815301076,1909f56bfc062723c751e8b465ee728b)  -> (artifact id: '4403bfc6af82aac0a9875d2c1421e3c6') in 0.020628 seconds
  Import took 0.023694 seconds .

========================================================================
Received Import Request.
  Time since last request: 12.684661 seconds.
  path: Assets/Assets/Audio/Clear.ogg
  artifactKey: Guid(b215cf5f9f33fd6479a2b255fc3037d3) Importer(815301076,1909f56bfc062723c751e8b465ee728b)
Start importing Assets/Assets/Audio/Clear.ogg using Guid(b215cf5f9f33fd6479a2b255fc3037d3) Importer(815301076,1909f56bfc062723c751e8b465ee728b)  -> (artifact id: 'cbd4cda0814da979b1ea057021b46aad') in 0.055300 seconds
  Import took 0.082923 seconds .

========================================================================
Received Import Request.
  Time since last request: 0.000715 seconds.
  path: Assets/Assets/Audio/Select.mp3
  artifactKey: Guid(e9621e9e57b1aa4479ff56bbeff52ae3) Importer(815301076,1909f56bfc062723c751e8b465ee728b)
Start importing Assets/Assets/Audio/Select.mp3 using Guid(e9621e9e57b1aa4479ff56bbeff52ae3) Importer(815301076,1909f56bfc062723c751e8b465ee728b)  -> (artifact id: '3f956bd4d12008041ad3b9b093e6e3bb') in 0.018341 seconds
  Import took 0.022537 seconds .

========================================================================
Received Import Request.
  Time since last request: 0.000304 seconds.
  path: Assets/Assets/Audio/Swap.ogg
  artifactKey: Guid(4a481a2c743435446b312e9a859157b6) Importer(815301076,1909f56bfc062723c751e8b465ee728b)
Start importing Assets/Assets/Audio/Swap.ogg using Guid(4a481a2c743435446b312e9a859157b6) Importer(815301076,1909f56bfc062723c751e8b465ee728b)  -> (artifact id: 'cad4369d847eab44bdd41cf438801593') in 0.025116 seconds
  Import took 0.027985 seconds .

========================================================================
Received Import Request.
  Time since last request: 0.000289 seconds.
  path: Assets/Assets/Audio/gameSound.ogg
  artifactKey: Guid(e10584b8598b7d7498ed61b98f5c4fba) Importer(815301076,1909f56bfc062723c751e8b465ee728b)
Start importing Assets/Assets/Audio/gameSound.ogg using Guid(e10584b8598b7d7498ed61b98f5c4fba) Importer(815301076,1909f56bfc062723c751e8b465ee728b)  -> (artifact id: 'c8e8f092d84a33332fa058ee354286f1') in 0.023755 seconds
  Import took 0.026339 seconds .

========================================================================
Received Import Request.
  Time since last request: 0.326297 seconds.
  path: Assets/Assets/Prefab/Background.prefab
  artifactKey: Guid(d8f472587a614a94ab15eb3f9e39f0b3) Importer(815301076,1909f56bfc062723c751e8b465ee728b)
Start importing Assets/Assets/Prefab/Background.prefab using Guid(d8f472587a614a94ab15eb3f9e39f0b3) Importer(815301076,1909f56bfc062723c751e8b465ee728b)  -> (artifact id: '017ff01202fe55cec0707e40fc0a01f4') in 0.049007 seconds
  Import took 0.064521 seconds .

========================================================================
Received Import Request.
  Time since last request: 0.000366 seconds.
  path: Assets/Assets/Prefab/Tile.prefab
  artifactKey: Guid(8da88bec222b1404d9e640514ff9547d) Importer(815301076,1909f56bfc062723c751e8b465ee728b)
Start importing Assets/Assets/Prefab/Tile.prefab using Guid(8da88bec222b1404d9e640514ff9547d) Importer(815301076,1909f56bfc062723c751e8b465ee728b)  -> (artifact id: '46fe50c1167b53d275d995bfc6a513fe') in 0.019639 seconds
  Import took 0.034853 seconds .

========================================================================
Received Import Request.
  Time since last request: 0.000318 seconds.
  path: Assets/Assets/Prefab/BoardManager.prefab
  artifactKey: Guid(180724e20ceceda44ab43fa9d0168249) Importer(815301076,1909f56bfc062723c751e8b465ee728b)
Start importing Assets/Assets/Prefab/BoardManager.prefab using Guid(180724e20ceceda44ab43fa9d0168249) Importer(815301076,1909f56bfc062723c751e8b465ee728b)  -> (artifact id: '3744083c63c50c07711791f68db82e0e') in 0.007540 seconds
  Import took 0.028465 seconds .

========================================================================
Received Import Request.
  Time since last request: 5.891304 seconds.
  path: Assets/Assets/UI/bg.png
  artifactKey: Guid(c45d873636287664a9cf2c5dbc9d8881) Importer(815301076,1909f56bfc062723c751e8b465ee728b)
Start importing Assets/Assets/UI/bg.png using Guid(c45d873636287664a9cf2c5dbc9d8881) Importer(815301076,1909f56bfc062723c751e8b465ee728b)  -> (artifact id: 'a5ece71f41b29e7233db095d55b6d604') in 0.028731 seconds
  Import took 0.032211 seconds .

========================================================================
Received Import Request.
  Time since last request: 2.100008 seconds.
  path: Assets/Assets/UI/Characters
  artifactKey: Guid(39d9405d68286f4438de54accebb57f3) Importer(815301076,1909f56bfc062723c751e8b465ee728b)
Start importing Assets/Assets/UI/Characters using Guid(39d9405d68286f4438de54accebb57f3) Importer(815301076,1909f56bfc062723c751e8b465ee728b)  -> (artifact id: '5282a711cba08f70773ef29c8f697fa9') in 0.003872 seconds
  Import took 0.006373 seconds .

========================================================================
Received Import Request.
  Time since last request: 0.137813 seconds.
  path: Assets/Assets/UI/Characters/characters_0001.png
  artifactKey: Guid(093363a40d9c07a4082e1c0f82d20fc3) Importer(815301076,1909f56bfc062723c751e8b465ee728b)
Start importing Assets/Assets/UI/Characters/characters_0001.png using Guid(093363a40d9c07a4082e1c0f82d20fc3) Importer(815301076,1909f56bfc062723c751e8b465ee728b)  -> (artifact id: 'ac5e9f2e577951925585e7b914a2e1c1') in 0.013688 seconds
  Import took 0.040320 seconds .

========================================================================
Received Import Request.
  Time since last request: 0.000342 seconds.
  path: Assets/Assets/UI/Characters/characters_0007.png
  artifactKey: Guid(6e84ec6047673d440aa377e4980bfea8) Importer(815301076,1909f56bfc062723c751e8b465ee728b)
Start importing Assets/Assets/UI/Characters/characters_0007.png using Guid(6e84ec6047673d440aa377e4980bfea8) Importer(815301076,1909f56bfc062723c751e8b465ee728b)  -> (artifact id: '544b205cf745bf1ad39cdde5807b3a19') in 0.034113 seconds
  Import took 0.045953 seconds .

========================================================================
Received Import Request.
  Time since last request: 0.000310 seconds.
  path: Assets/Assets/UI/Characters/characters_0004.png
  artifactKey: Guid(e61a9cacb6991554e9ba8f0f19381eda) Importer(815301076,1909f56bfc062723c751e8b465ee728b)
Start importing Assets/Assets/UI/Characters/characters_0004.png using Guid(e61a9cacb6991554e9ba8f0f19381eda) Importer(815301076,1909f56bfc062723c751e8b465ee728b)  -> (artifact id: '77ac38101ec2e9aa6e84f6ec515b1e4f') in 0.012661 seconds
  Import took 0.015692 seconds .

========================================================================
Received Import Request.
  Time since last request: 0.000276 seconds.
  path: Assets/Assets/UI/Characters/characters_0003.png
  artifactKey: Guid(2ee3c05b5ca27554992a945764c99837) Importer(815301076,1909f56bfc062723c751e8b465ee728b)
Start importing Assets/Assets/UI/Characters/characters_0003.png using Guid(2ee3c05b5ca27554992a945764c99837) Importer(815301076,1909f56bfc062723c751e8b465ee728b)  -> (artifact id: '04ab4db7d8d3e26a138bdce38d4f511f') in 0.036638 seconds
  Import took 0.039256 seconds .

========================================================================
Received Import Request.
  Time since last request: 0.000224 seconds.
  path: Assets/Assets/UI/Characters/characters_0002.png
  artifactKey: Guid(fbdc2dd4941e61244980c24b6aaea0de) Importer(815301076,1909f56bfc062723c751e8b465ee728b)
Start importing Assets/Assets/UI/Characters/characters_0002.png using Guid(fbdc2dd4941e61244980c24b6aaea0de) Importer(815301076,1909f56bfc062723c751e8b465ee728b)  -> (artifact id: '6f77c75d271cb27ea72279eac8758084') in 0.018608 seconds
  Import took 0.030532 seconds .

========================================================================
Received Import Request.
  Time since last request: 0.000302 seconds.
  path: Assets/Assets/UI/Characters/characters_0006.png
  artifactKey: Guid(dca7a45bef5bffa4395181b03e04d081) Importer(815301076,1909f56bfc062723c751e8b465ee728b)
Start importing Assets/Assets/UI/Characters/characters_0006.png using Guid(dca7a45bef5bffa4395181b03e04d081) Importer(815301076,1909f56bfc062723c751e8b465ee728b)  -> (artifact id: '5a03d0fa385274ba6fa7abdd74a9b45a') in 0.022066 seconds
  Import took 0.024674 seconds .

========================================================================
Received Import Request.
  Time since last request: 0.000414 seconds.
  path: Assets/Assets/UI/Characters/characters_0005.png
  artifactKey: Guid(e3169e90983853d4d9d73233512118e2) Importer(815301076,1909f56bfc062723c751e8b465ee728b)
Start importing Assets/Assets/UI/Characters/characters_0005.png using Guid(e3169e90983853d4d9d73233512118e2) Importer(815301076,1909f56bfc062723c751e8b465ee728b)  -> (artifact id: '88e07b9d039f510a797342ad9e285ae5') in 0.019003 seconds
  Import took 0.021607 seconds .

========================================================================
Received Prepare
Registering precompiled user dll's ...
Registered in 0.003346 seconds.
Begin MonoManager ReloadAssembly
Native extension for WindowsStandalone target not found
Native extension for WebGL target not found
Refreshing native plugins compatible for Editor in 0.34 ms, found 2 plugins.
Preloading 0 native plugins for Editor in 0.00 ms.
Mono: successfully reloaded assembly
- Completed reload, in  0.948 seconds
Platform modules already initialized, skipping
Switching build target platform(19) subTarget(0) extendedPlatform(0) -> platform(13) subTarget(537395200) extendedPlatform(0)
Refreshing native plugins compatible for Editor in 0.32 ms, found 2 plugins.
Preloading 0 native plugins for Editor in 0.00 ms.
Unloading 1471 Unused Serialized files (Serialized files now loaded: 0)
System memory in use before: 72.0 MB.
System memory in use after: 72.1 MB.

Unloading 18 unused Assets to reduce memory usage. Loaded Objects now: 1990.
Total: 2.175900 ms (FindLiveObjects: 0.166200 ms CreateObjectMapping: 0.039800 ms MarkObjects: 1.861600 ms  DeleteObjects: 0.107400 ms)

AssetImportParameters requested are different than current active one (requested -> active):
  custom:graphics/normal-map-encoding: 01000000000000000000000000000000 -> 02000000000000000000000000000000
========================================================================
Received Import Request.
  Time since last request: 119.564937 seconds.
  path: Assets/Assets/Scenes
  artifactKey: Guid(873f2ad4d6a5644f1b5c76ee85bea5c7) Importer(815301076,1909f56bfc062723c751e8b465ee728b)
Start importing Assets/Assets/Scenes using Guid(873f2ad4d6a5644f1b5c76ee85bea5c7) Importer(815301076,1909f56bfc062723c751e8b465ee728b)  -> (artifact id: 'fc47cfff67ea761b29f3bb77fa42f7c8') in 0.006316 seconds
  Import took 0.008746 seconds .

========================================================================
Received Import Request.
  Time since last request: 1.192294 seconds.
  path: Assets/Assets/Scenes/LevelScene.unity
  artifactKey: Guid(83c8237540a1542c18f3c22d68982576) Importer(815301076,1909f56bfc062723c751e8b465ee728b)
Start importing Assets/Assets/Scenes/LevelScene.unity using Guid(83c8237540a1542c18f3c22d68982576) Importer(815301076,1909f56bfc062723c751e8b465ee728b)  -> (artifact id: '8d9ca3d1a7945247f1f3a0e88697727e') in 0.027983 seconds
  Import took 0.030447 seconds .

========================================================================
Received Import Request.
  Time since last request: 7.805863 seconds.
  path: Assets/Assets/Scenes/TestLevelScene.unity
  artifactKey: Guid(9e83e3ec1418847bfbcffada088282b6) Importer(815301076,1909f56bfc062723c751e8b465ee728b)
Start importing Assets/Assets/Scenes/TestLevelScene.unity using Guid(9e83e3ec1418847bfbcffada088282b6) Importer(815301076,1909f56bfc062723c751e8b465ee728b)  -> (artifact id: '9ff8d4018967f2fe90950de9bb193194') in 0.015910 seconds
  Import took 0.018392 seconds .

========================================================================
Received Import Request.
  Time since last request: 1.630321 seconds.
  path: Assets/Assets/Scenes/LobbyScene.unity
  artifactKey: Guid(f33bfa46e91e645178aec3b5458d885f) Importer(815301076,1909f56bfc062723c751e8b465ee728b)
Start importing Assets/Assets/Scenes/LobbyScene.unity using Guid(f33bfa46e91e645178aec3b5458d885f) Importer(815301076,1909f56bfc062723c751e8b465ee728b)  -> (artifact id: '37f8ec043d211b2aa6e395ce134ee462') in 0.022360 seconds
  Import took 0.025119 seconds .

========================================================================
Received Import Request.
  Time since last request: 14.133246 seconds.
  path: Assets/Assets/Materials/FireSpark.mat
  artifactKey: Guid(a53831880f7cf4d80978fb06165403e5) Importer(815301076,1909f56bfc062723c751e8b465ee728b)
Start importing Assets/Assets/Materials/FireSpark.mat using Guid(a53831880f7cf4d80978fb06165403e5) Importer(815301076,1909f56bfc062723c751e8b465ee728b)  -> (artifact id: '3079c5d2651c627f0a76970b196f57d7') in 0.052316 seconds
  Import took 0.055407 seconds .

========================================================================
Received Import Request.
  Time since last request: 19.323824 seconds.
  path: Assets/Assets/Scripts/View
  artifactKey: Guid(da691a322379e4033ab14e4c84213252) Importer(815301076,1909f56bfc062723c751e8b465ee728b)
Start importing Assets/Assets/Scripts/View using Guid(da691a322379e4033ab14e4c84213252) Importer(815301076,1909f56bfc062723c751e8b465ee728b)  -> (artifact id: '4cd3f013631a5ed3fe1adaaf3938ca5a') in 0.012176 seconds
  Import took 0.015045 seconds .

========================================================================
Received Import Request.
  Time since last request: 1.874575 seconds.
  path: Assets/Assets/Scripts/View/BaseView.cs
  artifactKey: Guid(2a161f540bd794881b43b6dcbe033776) Importer(815301076,1909f56bfc062723c751e8b465ee728b)
Start importing Assets/Assets/Scripts/View/BaseView.cs using Guid(2a161f540bd794881b43b6dcbe033776) Importer(815301076,1909f56bfc062723c751e8b465ee728b)  -> (artifact id: '5c2edcae85f23630a446cd5a4eacc887') in 0.004493 seconds
  Import took 0.007197 seconds .

========================================================================
Received Import Request.
  Time since last request: 11.124833 seconds.
  path: Assets/Assets/Scripts/View/GameView.cs
  artifactKey: Guid(57c07d016e65042b7bd10f3a1611d21b) Importer(815301076,1909f56bfc062723c751e8b465ee728b)
Start importing Assets/Assets/Scripts/View/GameView.cs using Guid(57c07d016e65042b7bd10f3a1611d21b) Importer(815301076,1909f56bfc062723c751e8b465ee728b)  -> (artifact id: 'f4155dbf763bd96ab71758ac2e79a5c0') in 0.024418 seconds
  Import took 0.026859 seconds .

========================================================================
Received Import Request.
  Time since last request: 5.615457 seconds.
  path: Assets/Assets/Scripts/View/GravityView.cs
  artifactKey: Guid(d9a9b6b1183554a3eb1147aac1824112) Importer(815301076,1909f56bfc062723c751e8b465ee728b)
Start importing Assets/Assets/Scripts/View/GravityView.cs using Guid(d9a9b6b1183554a3eb1147aac1824112) Importer(815301076,1909f56bfc062723c751e8b465ee728b)  -> (artifact id: '24ebc073135e49853571319000363b36') in 0.008801 seconds
  Import took 0.011310 seconds .

========================================================================
Received Import Request.
  Time since last request: 6.102741 seconds.
  path: Assets/Assets/Scripts/View/TileView.cs
  artifactKey: Guid(4dabdebc86b094b05afe0db50dfa7106) Importer(815301076,1909f56bfc062723c751e8b465ee728b)
Start importing Assets/Assets/Scripts/View/TileView.cs using Guid(4dabdebc86b094b05afe0db50dfa7106) Importer(815301076,1909f56bfc062723c751e8b465ee728b)  -> (artifact id: '0d4560a37b5376e17d584517d206fe68') in 0.006361 seconds
  Import took 0.008975 seconds .

========================================================================
Received Import Request.
  Time since last request: 0.002304 seconds.
  path: Assets/Assets/Scripts/View/TileView.cs
  artifactKey: Guid(4dabdebc86b094b05afe0db50dfa7106) Importer(815301076,1909f56bfc062723c751e8b465ee728b)
Start importing Assets/Assets/Scripts/View/TileView.cs using Guid(4dabdebc86b094b05afe0db50dfa7106) Importer(815301076,1909f56bfc062723c751e8b465ee728b)  -> (artifact id: '0d4560a37b5376e17d584517d206fe68') in 0.003498 seconds
  Import took 0.005979 seconds .

========================================================================
Received Import Request.
  Time since last request: 2.484088 seconds.
  path: Assets/Assets/Scripts/View/UI
  artifactKey: Guid(77031deac370a45b78e1e6d51d6fc48a) Importer(815301076,1909f56bfc062723c751e8b465ee728b)
Start importing Assets/Assets/Scripts/View/UI using Guid(77031deac370a45b78e1e6d51d6fc48a) Importer(815301076,1909f56bfc062723c751e8b465ee728b)  -> (artifact id: '42742aa5c51d7d8460d4d0dc40d969b2') in 0.031661 seconds
  Import took 0.037801 seconds .

========================================================================
Received Import Request.
  Time since last request: 3.935023 seconds.
  path: Assets/Assets/Scripts/View/UI/LevelSelectionPanel.cs
  artifactKey: Guid(d2cde08d7814b446bb3780a931fcf863) Importer(815301076,1909f56bfc062723c751e8b465ee728b)
Start importing Assets/Assets/Scripts/View/UI/LevelSelectionPanel.cs using Guid(d2cde08d7814b446bb3780a931fcf863) Importer(815301076,1909f56bfc062723c751e8b465ee728b)  -> (artifact id: '1a21d1d30225af5e89a2051095610ca9') in 0.004050 seconds
  Import took 0.006565 seconds .

========================================================================
Received Import Request.
  Time since last request: 38.831338 seconds.
  path: Assets/Assets/Scripts/Model/UI
  artifactKey: Guid(ab9ddabb5893e40d28eee2c8998f5f65) Importer(815301076,1909f56bfc062723c751e8b465ee728b)
Start importing Assets/Assets/Scripts/Model/UI using Guid(ab9ddabb5893e40d28eee2c8998f5f65) Importer(815301076,1909f56bfc062723c751e8b465ee728b)  -> (artifact id: 'b6bb215e6a861ff843a21567f854cf21') in 0.010789 seconds
  Import took 0.013159 seconds .

========================================================================
Received Import Request.
  Time since last request: 8.586579 seconds.
  path: Assets/Assets/Scripts/Controller/UI
  artifactKey: Guid(3b42566a426534392a1691741912cd30) Importer(815301076,1909f56bfc062723c751e8b465ee728b)
Start importing Assets/Assets/Scripts/Controller/UI using Guid(3b42566a426534392a1691741912cd30) Importer(815301076,1909f56bfc062723c751e8b465ee728b)  -> (artifact id: '209738126af7ed90978c55e9a367c232') in 0.011596 seconds
  Import took 0.013980 seconds .

========================================================================
Received Import Request.
  Time since last request: 15.309568 seconds.
  path: Assets/Assets/Scripts/View/UI/LevelItem.cs
  artifactKey: Guid(4f7588eab8bf94c619b6fa91556fca66) Importer(815301076,1909f56bfc062723c751e8b465ee728b)
Start importing Assets/Assets/Scripts/View/UI/LevelItem.cs using Guid(4f7588eab8bf94c619b6fa91556fca66) Importer(815301076,1909f56bfc062723c751e8b465ee728b)  -> (artifact id: '524dba9dbc6befaad0588fcc44b79d59') in 0.014603 seconds
  Import took 0.017227 seconds .

========================================================================
Received Import Request.
  Time since last request: 22.517352 seconds.
  path: Assets/Assets/Prefabs/Resources
  artifactKey: Guid(ce9bfefe6f0b64231b9da700b96db50c) Importer(815301076,1909f56bfc062723c751e8b465ee728b)
Start importing Assets/Assets/Prefabs/Resources using Guid(ce9bfefe6f0b64231b9da700b96db50c) Importer(815301076,1909f56bfc062723c751e8b465ee728b)  -> (artifact id: '85d32e08a5af09dd7f033f33418befec') in 0.108459 seconds
  Import took 0.111663 seconds .

========================================================================
Received Import Request.
  Time since last request: 2.525067 seconds.
  path: Assets/Assets/Prefabs/Resources/LevelScene
  artifactKey: Guid(6e2abb9b907634ffcafbb825330767ff) Importer(815301076,1909f56bfc062723c751e8b465ee728b)
Start importing Assets/Assets/Prefabs/Resources/LevelScene using Guid(6e2abb9b907634ffcafbb825330767ff) Importer(815301076,1909f56bfc062723c751e8b465ee728b)  -> (artifact id: '17d0be89c82656083400d4fdeebd89af') in 0.004522 seconds
  Import took 0.007064 seconds .

========================================================================
Received Import Request.
  Time since last request: 0.049777 seconds.
  path: Assets/Assets/Prefabs/Resources/LevelScene/ParticleAttractor.prefab
  artifactKey: Guid(b35b97ab92997492ab011e51c0df0151) Importer(815301076,1909f56bfc062723c751e8b465ee728b)
Start importing Assets/Assets/Prefabs/Resources/LevelScene/ParticleAttractor.prefab using Guid(b35b97ab92997492ab011e51c0df0151) Importer(815301076,1909f56bfc062723c751e8b465ee728b)  -> (artifact id: 'e62a88a1906c7cdf1dc9613cd188a5f6') in 0.012704 seconds
  Import took 0.015587 seconds .

========================================================================
Received Import Request.
  Time since last request: 0.000344 seconds.
  path: Assets/Assets/Prefabs/Resources/LevelScene/Tile.prefab
  artifactKey: Guid(07a5c55ab245d456eab5f0bb636ecf0a) Importer(815301076,1909f56bfc062723c751e8b465ee728b)
Start importing Assets/Assets/Prefabs/Resources/LevelScene/Tile.prefab using Guid(07a5c55ab245d456eab5f0bb636ecf0a) Importer(815301076,1909f56bfc062723c751e8b465ee728b)  -> (artifact id: 'ad08657f6c1f2a0836969ef3e10d4a49') in 0.111259 seconds
  Import took 0.120994 seconds .

========================================================================
Received Import Request.
  Time since last request: 2.055779 seconds.
  path: Assets/Assets/Prefabs/Resources/LevelScene/Gems
  artifactKey: Guid(a7f882acebfc547be8aa9d742bba0893) Importer(815301076,1909f56bfc062723c751e8b465ee728b)
Start importing Assets/Assets/Prefabs/Resources/LevelScene/Gems using Guid(a7f882acebfc547be8aa9d742bba0893) Importer(815301076,1909f56bfc062723c751e8b465ee728b)  -> (artifact id: '0c10ddd07e8d0bc513860012524e8c55') in 0.005809 seconds
  Import took 0.008630 seconds .

========================================================================
Received Import Request.
  Time since last request: 0.109520 seconds.
  path: Assets/Assets/Prefabs/Resources/LevelScene/Gems/BlockedGem.prefab
  artifactKey: Guid(7cadefaee8b1f4d03b48954aab3c654c) Importer(815301076,1909f56bfc062723c751e8b465ee728b)
Start importing Assets/Assets/Prefabs/Resources/LevelScene/Gems/BlockedGem.prefab using Guid(7cadefaee8b1f4d03b48954aab3c654c) Importer(815301076,1909f56bfc062723c751e8b465ee728b)  -> (artifact id: '31c6dd3efc9f5126bda9d28fe25245ce') in 0.006749 seconds
  Import took 0.009846 seconds .

========================================================================
Received Import Request.
  Time since last request: 0.000299 seconds.
  path: Assets/Assets/Prefabs/Resources/LevelScene/Gems/SpawneeGem.prefab
  artifactKey: Guid(3e504a202c1444fef956b735c1e41dd9) Importer(815301076,1909f56bfc062723c751e8b465ee728b)
Start importing Assets/Assets/Prefabs/Resources/LevelScene/Gems/SpawneeGem.prefab using Guid(3e504a202c1444fef956b735c1e41dd9) Importer(815301076,1909f56bfc062723c751e8b465ee728b)  -> (artifact id: '0a9d4a66cd13de7574dbbb4c4de1384e') in 0.006010 seconds
  Import took 0.008526 seconds .

========================================================================
Received Import Request.
  Time since last request: 0.000314 seconds.
  path: Assets/Assets/Prefabs/Resources/LevelScene/Gems/ChocoGem.prefab
  artifactKey: Guid(41704ad8f5cea470cbe9abc204f08e12) Importer(815301076,1909f56bfc062723c751e8b465ee728b)
Start importing Assets/Assets/Prefabs/Resources/LevelScene/Gems/ChocoGem.prefab using Guid(41704ad8f5cea470cbe9abc204f08e12) Importer(815301076,1909f56bfc062723c751e8b465ee728b)  -> (artifact id: '89ade1ff17c6fee7b3ecf7fe4133e8eb') in 0.014868 seconds
  Import took 0.017576 seconds .

========================================================================
Received Import Request.
  Time since last request: 0.000296 seconds.
  path: Assets/Assets/Prefabs/Resources/LevelScene/Gems/ID.prefab
  artifactKey: Guid(b18ee03374af740f68893e6a1a47a07f) Importer(815301076,1909f56bfc062723c751e8b465ee728b)
Start importing Assets/Assets/Prefabs/Resources/LevelScene/Gems/ID.prefab using Guid(b18ee03374af740f68893e6a1a47a07f) Importer(815301076,1909f56bfc062723c751e8b465ee728b)  -> (artifact id: '666bc0e8363b186ba9a367d00843d2c9') in 0.017009 seconds
  Import took 0.019529 seconds .

========================================================================
Received Import Request.
  Time since last request: 0.000341 seconds.
  path: Assets/Assets/Prefabs/Resources/LevelScene/Gems/SuperGem.prefab
  artifactKey: Guid(97b08743f01184685ba2b732e2ed858f) Importer(815301076,1909f56bfc062723c751e8b465ee728b)
Start importing Assets/Assets/Prefabs/Resources/LevelScene/Gems/SuperGem.prefab using Guid(97b08743f01184685ba2b732e2ed858f) Importer(815301076,1909f56bfc062723c751e8b465ee728b)  -> (artifact id: 'cb61567c8867cd370014497242bd39e6') in 0.020783 seconds
  Import took 0.024056 seconds .

========================================================================
Received Import Request.
  Time since last request: 0.000283 seconds.
  path: Assets/Assets/Prefabs/Resources/LevelScene/Gems/SpawnerGem.prefab
  artifactKey: Guid(5c5cbd41bb47a40d7acf31dce180595b) Importer(815301076,1909f56bfc062723c751e8b465ee728b)
Start importing Assets/Assets/Prefabs/Resources/LevelScene/Gems/SpawnerGem.prefab using Guid(5c5cbd41bb47a40d7acf31dce180595b) Importer(815301076,1909f56bfc062723c751e8b465ee728b)  -> (artifact id: 'c85d14ebdacdd79fa6f1e9d59932a195') in 0.019055 seconds
  Import took 0.022239 seconds .

========================================================================
Received Import Request.
  Time since last request: 0.000302 seconds.
  path: Assets/Assets/Prefabs/Resources/LevelScene/Gems/EmptyGem.prefab
  artifactKey: Guid(7689c4cf16be54e7ab73589070ff8e15) Importer(815301076,1909f56bfc062723c751e8b465ee728b)
Start importing Assets/Assets/Prefabs/Resources/LevelScene/Gems/EmptyGem.prefab using Guid(7689c4cf16be54e7ab73589070ff8e15) Importer(815301076,1909f56bfc062723c751e8b465ee728b)  -> (artifact id: '1bc2a6ac492eb8d2a37c83e7b46c6fc1') in 0.006725 seconds
  Import took 0.009477 seconds .

========================================================================
Received Import Request.
  Time since last request: 0.000296 seconds.
  path: Assets/Assets/Prefabs/Resources/LevelScene/Gems/MarkerID.prefab
  artifactKey: Guid(6236cd78b8b5a4156871be7dc471c0e5) Importer(815301076,1909f56bfc062723c751e8b465ee728b)
Start importing Assets/Assets/Prefabs/Resources/LevelScene/Gems/MarkerID.prefab using Guid(6236cd78b8b5a4156871be7dc471c0e5) Importer(815301076,1909f56bfc062723c751e8b465ee728b)  -> (artifact id: 'a31032c0a60586fe6399627484f0b328') in 0.004710 seconds
  Import took 0.008141 seconds .

========================================================================
Received Import Request.
  Time since last request: 2.965434 seconds.
  path: Assets/Assets/Prefabs/Resources/LevelScene/Gravities/Down.prefab
  artifactKey: Guid(365d735c0f9b84ba7a2c63e39f00848b) Importer(815301076,1909f56bfc062723c751e8b465ee728b)
Start importing Assets/Assets/Prefabs/Resources/LevelScene/Gravities/Down.prefab using Guid(365d735c0f9b84ba7a2c63e39f00848b) Importer(815301076,1909f56bfc062723c751e8b465ee728b)  -> (artifact id: '2285ff94e2aaadc9cc5ac445bca266b3') in 0.012236 seconds
  Import took 0.014977 seconds .

========================================================================
Received Import Request.
  Time since last request: 0.000294 seconds.
  path: Assets/Assets/Prefabs/Resources/LevelScene/Gravities/Left.prefab
  artifactKey: Guid(06005e3422af648e3882a41675bcc8c9) Importer(815301076,1909f56bfc062723c751e8b465ee728b)
Start importing Assets/Assets/Prefabs/Resources/LevelScene/Gravities/Left.prefab using Guid(06005e3422af648e3882a41675bcc8c9) Importer(815301076,1909f56bfc062723c751e8b465ee728b)  -> (artifact id: 'e2d473933e9fe503dbdb9f35dbe308d5') in 0.011187 seconds
  Import took 0.013702 seconds .

========================================================================
Received Import Request.
  Time since last request: 0.000343 seconds.
  path: Assets/Assets/Prefabs/Resources/LevelScene/Gravities/Up.prefab
  artifactKey: Guid(5a5170eb6e8b541409d5184e27784623) Importer(815301076,1909f56bfc062723c751e8b465ee728b)
Start importing Assets/Assets/Prefabs/Resources/LevelScene/Gravities/Up.prefab using Guid(5a5170eb6e8b541409d5184e27784623) Importer(815301076,1909f56bfc062723c751e8b465ee728b)  -> (artifact id: 'c9f6b2277d23c0ec0a055f622fdc0943') in 0.014612 seconds
  Import took 0.017317 seconds .

========================================================================
Received Import Request.
  Time since last request: 0.000343 seconds.
  path: Assets/Assets/Prefabs/Resources/LevelScene/Gravities/Right.prefab
  artifactKey: Guid(34533ee98e0a54d02b4eda64a9efe1e3) Importer(815301076,1909f56bfc062723c751e8b465ee728b)
Start importing Assets/Assets/Prefabs/Resources/LevelScene/Gravities/Right.prefab using Guid(34533ee98e0a54d02b4eda64a9efe1e3) Importer(815301076,1909f56bfc062723c751e8b465ee728b)  -> (artifact id: '28632594015f842649870e7d652b1e4a') in 0.018892 seconds
  Import took 0.021493 seconds .

========================================================================
Received Import Request.
  Time since last request: 1.232341 seconds.
  path: Assets/Assets/Prefabs/Resources/LobbyScene/LevelItem.prefab
  artifactKey: Guid(ddbb0b88643e447d1a91c747d279ce3c) Importer(815301076,1909f56bfc062723c751e8b465ee728b)
Start importing Assets/Assets/Prefabs/Resources/LobbyScene/LevelItem.prefab using Guid(ddbb0b88643e447d1a91c747d279ce3c) Importer(815301076,1909f56bfc062723c751e8b465ee728b)  -> (artifact id: 'ca425dc467de781f87a5ce9144b6e4cb') in 0.034291 seconds
  Import took 0.037156 seconds .

========================================================================
Received Import Request.
  Time since last request: 3.151545 seconds.
  path: Assets/Assets/Prefabs/Resources/LevelScene/Gravities
  artifactKey: Guid(62886cf76b51942e59a591c19299815f) Importer(815301076,1909f56bfc062723c751e8b465ee728b)
Start importing Assets/Assets/Prefabs/Resources/LevelScene/Gravities using Guid(62886cf76b51942e59a591c19299815f) Importer(815301076,1909f56bfc062723c751e8b465ee728b)  -> (artifact id: 'ef53b8a777fed98b10f3872cf7d48fa4') in 0.016576 seconds
  Import took 0.019373 seconds .

========================================================================
Received Import Request.
  Time since last request: 3.320067 seconds.
  path: Assets/Assets/Prefabs/Resources/Common/MatchSound.prefab
  artifactKey: Guid(d810da5fe91f846bea402e991191a60e) Importer(815301076,1909f56bfc062723c751e8b465ee728b)
Start importing Assets/Assets/Prefabs/Resources/Common/MatchSound.prefab using Guid(d810da5fe91f846bea402e991191a60e) Importer(815301076,1909f56bfc062723c751e8b465ee728b)  -> (artifact id: 'ec5994442494e64c7e1f2c13d535ddb5') in 0.026879 seconds
  Import took 0.031787 seconds .

========================================================================
Received Import Request.
  Time since last request: 0.000639 seconds.
  path: Assets/Assets/Prefabs/Resources/Common/RootCanvas.prefab
  artifactKey: Guid(2917459ba8061104082118652e46d4a7) Importer(815301076,1909f56bfc062723c751e8b465ee728b)
Start importing Assets/Assets/Prefabs/Resources/Common/RootCanvas.prefab using Guid(2917459ba8061104082118652e46d4a7) Importer(815301076,1909f56bfc062723c751e8b465ee728b)  -> (artifact id: '6597bf47d0e9f32390013d9db289238d') in 0.026405 seconds
  Import took 0.030547 seconds .

========================================================================
Received Import Request.
  Time since last request: 3.565781 seconds.
  path: Assets/Assets/Materials/Flashable.mat
  artifactKey: Guid(c145bb83adbed4f4dbc6e9482e26051e) Importer(815301076,1909f56bfc062723c751e8b465ee728b)
Start importing Assets/Assets/Materials/Flashable.mat using Guid(c145bb83adbed4f4dbc6e9482e26051e) Importer(815301076,1909f56bfc062723c751e8b465ee728b)  -> (artifact id: 'd2d5628599ba1a629fbfb6e4d99abb20') in 0.061658 seconds
  Import took 0.064441 seconds .

========================================================================
Received Import Request.
  Time since last request: 0.000329 seconds.
  path: Assets/Assets/Materials/particle trail additive intensify.mat
  artifactKey: Guid(5295231def6a41a49b341aee6a8fc803) Importer(815301076,1909f56bfc062723c751e8b465ee728b)
Start importing Assets/Assets/Materials/particle trail additive intensify.mat using Guid(5295231def6a41a49b341aee6a8fc803) Importer(815301076,1909f56bfc062723c751e8b465ee728b)  -> (artifact id: '01111c8e0d70ff9fae9ee92a3afb6886') in 0.037285 seconds
  Import took 0.039621 seconds .

========================================================================
Received Import Request.
  Time since last request: 0.000292 seconds.
  path: Assets/Assets/Materials/glow_dot_add.mat
  artifactKey: Guid(25bd086592405bc4b85fb8280fe53759) Importer(815301076,1909f56bfc062723c751e8b465ee728b)
Start importing Assets/Assets/Materials/glow_dot_add.mat using Guid(25bd086592405bc4b85fb8280fe53759) Importer(815301076,1909f56bfc062723c751e8b465ee728b)  -> (artifact id: '28524c9b9650a6d83f2a179597c3b8a0') in 0.024110 seconds
  Import took 0.026891 seconds .

========================================================================
Received Import Request.
  Time since last request: 0.003700 seconds.
  path: Assets/Assets/Materials/glow_dot_add.mat
  artifactKey: Guid(25bd086592405bc4b85fb8280fe53759) Importer(815301076,1909f56bfc062723c751e8b465ee728b)
Start importing Assets/Assets/Materials/glow_dot_add.mat using Guid(25bd086592405bc4b85fb8280fe53759) Importer(815301076,1909f56bfc062723c751e8b465ee728b)  -> (artifact id: '28524c9b9650a6d83f2a179597c3b8a0') in 0.015899 seconds
  Import took 0.018460 seconds .

========================================================================
Received Import Request.
  Time since last request: 2.429064 seconds.
  path: Assets/Assets/Levels/Resources
  artifactKey: Guid(1d9a30371537746168573bbd72f0fecb) Importer(815301076,1909f56bfc062723c751e8b465ee728b)
Start importing Assets/Assets/Levels/Resources using Guid(1d9a30371537746168573bbd72f0fecb) Importer(815301076,1909f56bfc062723c751e8b465ee728b)  -> (artifact id: '12c2a4012f68b169bcfcc61b96870be9') in 0.004229 seconds
  Import took 0.007685 seconds .

========================================================================
Received Import Request.
  Time since last request: 1.518521 seconds.
  path: Assets/Assets/Levels/Resources/level_1.json
  artifactKey: Guid(4e7890aea3ecf419b9445d7d74f74ae5) Importer(815301076,1909f56bfc062723c751e8b465ee728b)
Start importing Assets/Assets/Levels/Resources/level_1.json using Guid(4e7890aea3ecf419b9445d7d74f74ae5) Importer(815301076,1909f56bfc062723c751e8b465ee728b)  -> (artifact id: '215c256fb716aa8a62de60e9175e57c7') in 0.053441 seconds
  Import took 0.059141 seconds .

========================================================================
Received Import Request.
  Time since last request: 0.001241 seconds.
  path: Assets/Assets/Levels/Resources/level_1.json
  artifactKey: Guid(4e7890aea3ecf419b9445d7d74f74ae5) Importer(815301076,1909f56bfc062723c751e8b465ee728b)
Start importing Assets/Assets/Levels/Resources/level_1.json using Guid(4e7890aea3ecf419b9445d7d74f74ae5) Importer(815301076,1909f56bfc062723c751e8b465ee728b)  -> (artifact id: '215c256fb716aa8a62de60e9175e57c7') in 0.009470 seconds
  Import took 0.014036 seconds .

========================================================================
Received Import Request.
  Time since last request: 7.941495 seconds.
  path: Assets/Assets/Levels/Resources/level_2.json
  artifactKey: Guid(26e3baa954468427abc06e132652d5a8) Importer(815301076,1909f56bfc062723c751e8b465ee728b)
Start importing Assets/Assets/Levels/Resources/level_2.json using Guid(26e3baa954468427abc06e132652d5a8) Importer(815301076,1909f56bfc062723c751e8b465ee728b)  -> (artifact id: 'fb9295fe2531b6b0311eb90ded55cec6') in 0.004215 seconds
  Import took 0.006791 seconds .

========================================================================
Received Import Request.
  Time since last request: 0.964458 seconds.
  path: Assets/Assets/Levels/Resources/level_3.json
  artifactKey: Guid(ed8d8e60aacab48f4b5a6a9efdfb3dea) Importer(815301076,1909f56bfc062723c751e8b465ee728b)
Start importing Assets/Assets/Levels/Resources/level_3.json using Guid(ed8d8e60aacab48f4b5a6a9efdfb3dea) Importer(815301076,1909f56bfc062723c751e8b465ee728b)  -> (artifact id: 'b7fea26a373c46f6f70b098ef6b68482') in 0.004127 seconds
  Import took 0.007275 seconds .

========================================================================
Received Import Request.
  Time since last request: 0.001550 seconds.
  path: Assets/Assets/Levels/Resources/level_3.json
  artifactKey: Guid(ed8d8e60aacab48f4b5a6a9efdfb3dea) Importer(815301076,1909f56bfc062723c751e8b465ee728b)
Start importing Assets/Assets/Levels/Resources/level_3.json using Guid(ed8d8e60aacab48f4b5a6a9efdfb3dea) Importer(815301076,1909f56bfc062723c751e8b465ee728b)  -> (artifact id: 'b7fea26a373c46f6f70b098ef6b68482') in 0.005167 seconds
  Import took 0.007961 seconds .

========================================================================
Received Import Request.
  Time since last request: 0.686044 seconds.
  path: Assets/Assets/Levels/Resources/level_4.json
  artifactKey: Guid(254935fb8f6e444709794cf9f61932ce) Importer(815301076,1909f56bfc062723c751e8b465ee728b)
Start importing Assets/Assets/Levels/Resources/level_4.json using Guid(254935fb8f6e444709794cf9f61932ce) Importer(815301076,1909f56bfc062723c751e8b465ee728b)  -> (artifact id: '01b9c15d66454c9dc8e3e16ed4d86990') in 0.005300 seconds
  Import took 0.007784 seconds .

========================================================================
Received Import Request.
  Time since last request: 0.000923 seconds.
  path: Assets/Assets/Levels/Resources/level_4.json
  artifactKey: Guid(254935fb8f6e444709794cf9f61932ce) Importer(815301076,1909f56bfc062723c751e8b465ee728b)
Start importing Assets/Assets/Levels/Resources/level_4.json using Guid(254935fb8f6e444709794cf9f61932ce) Importer(815301076,1909f56bfc062723c751e8b465ee728b)  -> (artifact id: '01b9c15d66454c9dc8e3e16ed4d86990') in 0.004348 seconds
  Import took 0.006955 seconds .

========================================================================
Received Import Request.
  Time since last request: 0.707784 seconds.
  path: Assets/Assets/Levels/Resources/level_5.json
  artifactKey: Guid(693063c9986b74961afcfdf928549419) Importer(815301076,1909f56bfc062723c751e8b465ee728b)
Start importing Assets/Assets/Levels/Resources/level_5.json using Guid(693063c9986b74961afcfdf928549419) Importer(815301076,1909f56bfc062723c751e8b465ee728b)  -> (artifact id: 'e47abb7f4bbeb5c599adf2f46a1808e0') in 0.004957 seconds
  Import took 0.007728 seconds .

========================================================================
Received Import Request.
  Time since last request: 0.879609 seconds.
  path: Assets/Assets/Levels/Resources/level_6.json
  artifactKey: Guid(f5d21c34bec9541899ef36b1c22dd333) Importer(815301076,1909f56bfc062723c751e8b465ee728b)
Start importing Assets/Assets/Levels/Resources/level_6.json using Guid(f5d21c34bec9541899ef36b1c22dd333) Importer(815301076,1909f56bfc062723c751e8b465ee728b)  -> (artifact id: '78f494dba801e6dc195251c9e3bbd5a1') in 0.008649 seconds
  Import took 0.011279 seconds .

========================================================================
Received Import Request.
  Time since last request: 0.635072 seconds.
  path: Assets/Assets/Levels/Resources/level_7.json
  artifactKey: Guid(7d91278cb9b404fdbbdae159c7a945c8) Importer(815301076,1909f56bfc062723c751e8b465ee728b)
Start importing Assets/Assets/Levels/Resources/level_7.json using Guid(7d91278cb9b404fdbbdae159c7a945c8) Importer(815301076,1909f56bfc062723c751e8b465ee728b)  -> (artifact id: '1439157456426579c53e487e1883f5bb') in 0.004198 seconds
  Import took 0.006860 seconds .

========================================================================
Received Import Request.
  Time since last request: 0.001156 seconds.
  path: Assets/Assets/Levels/Resources/level_7.json
  artifactKey: Guid(7d91278cb9b404fdbbdae159c7a945c8) Importer(815301076,1909f56bfc062723c751e8b465ee728b)
Start importing Assets/Assets/Levels/Resources/level_7.json using Guid(7d91278cb9b404fdbbdae159c7a945c8) Importer(815301076,1909f56bfc062723c751e8b465ee728b)  -> (artifact id: '1439157456426579c53e487e1883f5bb') in 0.004722 seconds
  Import took 0.007414 seconds .

========================================================================
Received Import Request.
  Time since last request: 0.479225 seconds.
  path: Assets/Assets/Levels/Resources/level_8.json
  artifactKey: Guid(f3f3e28c726e94c6b98fee8b5239be52) Importer(815301076,1909f56bfc062723c751e8b465ee728b)
Start importing Assets/Assets/Levels/Resources/level_8.json using Guid(f3f3e28c726e94c6b98fee8b5239be52) Importer(815301076,1909f56bfc062723c751e8b465ee728b)  -> (artifact id: '7330ed7c40a31310c036c74ca1969a50') in 0.005122 seconds
  Import took 0.008935 seconds .

========================================================================
Received Import Request.
  Time since last request: 0.003993 seconds.
  path: Assets/Assets/Levels/Resources/level_8.json
  artifactKey: Guid(f3f3e28c726e94c6b98fee8b5239be52) Importer(815301076,1909f56bfc062723c751e8b465ee728b)
Start importing Assets/Assets/Levels/Resources/level_8.json using Guid(f3f3e28c726e94c6b98fee8b5239be52) Importer(815301076,1909f56bfc062723c751e8b465ee728b)  -> (artifact id: '7330ed7c40a31310c036c74ca1969a50') in 0.103735 seconds
  Import took 0.109133 seconds .

========================================================================
Received Import Request.
  Time since last request: 64.826314 seconds.
  path: Assets/Assets/Scripts/Component/UI
  artifactKey: Guid(34d5f92a66f644d02bfc5bd0a00cba94) Importer(815301076,1909f56bfc062723c751e8b465ee728b)
Start importing Assets/Assets/Scripts/Component/UI using Guid(34d5f92a66f644d02bfc5bd0a00cba94) Importer(815301076,1909f56bfc062723c751e8b465ee728b)  -> (artifact id: '74ba93dbaeb85aefff1b253d3571739a') in 0.312194 seconds
  Import took 0.319348 seconds .

========================================================================
Received Import Request.
  Time since last request: 2.966188 seconds.
  path: Assets/Assets/Scripts/Component/UI/LoadingCover.cs
  artifactKey: Guid(69381d8738e9d486b86c4d900e6cd8bc) Importer(815301076,1909f56bfc062723c751e8b465ee728b)
Start importing Assets/Assets/Scripts/Component/UI/LoadingCover.cs using Guid(69381d8738e9d486b86c4d900e6cd8bc) Importer(815301076,1909f56bfc062723c751e8b465ee728b)  -> (artifact id: '10091790475174c3943bcaa13ef11684') in 0.004897 seconds
  Import took 0.008487 seconds .

========================================================================
Received Import Request.
  Time since last request: 3.964272 seconds.
  path: Assets/Assets/Scripts/Component/ExcuteInEditor/Editor
  artifactKey: Guid(6805c796522cd434d9b59ca7322f3207) Importer(815301076,1909f56bfc062723c751e8b465ee728b)
Start importing Assets/Assets/Scripts/Component/ExcuteInEditor/Editor using Guid(6805c796522cd434d9b59ca7322f3207) Importer(815301076,1909f56bfc062723c751e8b465ee728b)  -> (artifact id: 'fad09a8c34295f17797b6b6453412594') in 0.004531 seconds
  Import took 0.107045 seconds .

========================================================================
Received Import Request.
  Time since last request: 309.564633 seconds.
  path: Assets/Scripts/LevelSelectionPanel.cs
  artifactKey: Guid(d2cde08d7814b446bb3780a931fcf863) Importer(815301076,1909f56bfc062723c751e8b465ee728b)
Start importing Assets/Scripts/LevelSelectionPanel.cs using Guid(d2cde08d7814b446bb3780a931fcf863) Importer(815301076,1909f56bfc062723c751e8b465ee728b)  -> (artifact id: '25fc8560c7aa81e8cc32ca44b5fc56ad') in 0.004147 seconds
  Import took 0.008475 seconds .

========================================================================
Received Import Request.
  Time since last request: 0.001251 seconds.
  path: Assets/Scripts/LevelSelectionPanel.cs
  artifactKey: Guid(d2cde08d7814b446bb3780a931fcf863) Importer(815301076,1909f56bfc062723c751e8b465ee728b)
Start importing Assets/Scripts/LevelSelectionPanel.cs using Guid(d2cde08d7814b446bb3780a931fcf863) Importer(815301076,1909f56bfc062723c751e8b465ee728b)  -> (artifact id: '25fc8560c7aa81e8cc32ca44b5fc56ad') in 0.104586 seconds
  Import took 0.107344 seconds .

========================================================================
Received Prepare
Registering precompiled user dll's ...
Registered in 0.119200 seconds.
Begin MonoManager ReloadAssembly
Native extension for WindowsStandalone target not found
Native extension for WebGL target not found
Refreshing native plugins compatible for Editor in 0.34 ms, found 2 plugins.
Preloading 0 native plugins for Editor in 0.00 ms.
Mono: successfully reloaded assembly
- Completed reload, in  1.055 seconds
Platform modules already initialized, skipping
Switching build target platform(19) subTarget(0) extendedPlatform(0) -> platform(13) subTarget(537395200) extendedPlatform(0)
Refreshing native plugins compatible for Editor in 0.38 ms, found 2 plugins.
Preloading 0 native plugins for Editor in 0.00 ms.
Unloading 1471 Unused Serialized files (Serialized files now loaded: 0)
System memory in use before: 72.2 MB.
System memory in use after: 72.3 MB.

Unloading 15 unused Assets to reduce memory usage. Loaded Objects now: 1995.
Total: 2.102900 ms (FindLiveObjects: 0.166100 ms CreateObjectMapping: 0.042800 ms MarkObjects: 1.813900 ms  DeleteObjects: 0.079200 ms)

AssetImportParameters requested are different than current active one (requested -> active):
  custom:graphics/normal-map-encoding: 01000000000000000000000000000000 -> 02000000000000000000000000000000
AssetImportWorkerClient::OnTransportError - code=2 error=End of file
