Using pre-set license
Built from '2020.3/staging' branch; Version is '2020.3.11f1 (99c7afb366b3) revision 10078127'; Using compiler version '192528614'; Build Type 'Release'
OS: 'Windows 10 Pro; OS build 19042.1052; Version 2009; 64bit' Language: 'en' Physical Memory: 8005 MB
BatchMode: 1, IsHumanControllingUs: 0, StartBugReporterOnCrash: 0, Is64bit: 1, IsPro: 0

 COMMAND LINE ARGUMENTS:
D:\Unity\2020.3.11f1\Editor\Unity.exe
-adb2
-batchMode
-noUpm
-name
AssetImportWorker0
-projectPath
D:/Unity/MyProject/CountRush
-logFile
Logs/AssetImportWorker0.log
-srvPort
51261
Successfully changed project path to: D:/Unity/MyProject/CountRush
D:/Unity/MyProject/CountRush
Using Asset Import Pipeline V2.
Refreshing native plugins compatible for Editor in 35.67 ms, found 2 plugins.
Preloading 0 native plugins for Editor in 0.00 ms.
Initialize engine version: 2020.3.11f1 (99c7afb366b3)
[Subsystems] Discovering subsystems at path D:/Unity/2020.3.11f1/Editor/Data/Resources/UnitySubsystems
[Subsystems] Discovering subsystems at path D:/Unity/MyProject/CountRush/Assets
GfxDevice: creating device client; threaded=0
Direct3D:
    Version:  Direct3D 11.0 [level 11.1]
    Renderer: NVIDIA GeForce MX230 (ID=0x1d11)
    Vendor:   
    VRAM:     1984 MB
    Driver:   25.21.14.1788
Initialize mono
Mono path[0] = 'D:/Unity/2020.3.11f1/Editor/Data/Managed'
Mono path[1] = 'D:/Unity/2020.3.11f1/Editor/Data/MonoBleedingEdge/lib/mono/unityjit'
Mono config path = 'D:/Unity/2020.3.11f1/Editor/Data/MonoBleedingEdge/etc'
Using monoOptions --debugger-agent=transport=dt_socket,embedding=1,server=y,suspend=n,address=127.0.0.1:56908
Begin MonoManager ReloadAssembly
Registering precompiled unity dll's ...
Register platform support module: D:/Unity/2020.3.11f1/Editor/Data/PlaybackEngines/WebGLSupport/UnityEditor.WebGL.Extensions.dll
Register platform support module: D:/Unity/2020.3.11f1/Editor/Data/PlaybackEngines/WindowsStandaloneSupport/UnityEditor.WindowsStandalone.Extensions.dll
Registered in 0.001577 seconds.
Native extension for WindowsStandalone target not found
Native extension for WebGL target not found
Refreshing native plugins compatible for Editor in 29.57 ms, found 2 plugins.
Preloading 0 native plugins for Editor in 0.00 ms.
Mono: successfully reloaded assembly
- Completed reload, in  2.183 seconds
Platform modules already initialized, skipping
Registering precompiled user dll's ...
Registered in 0.003327 seconds.
Begin MonoManager ReloadAssembly
Native extension for WindowsStandalone target not found
Native extension for WebGL target not found
Refreshing native plugins compatible for Editor in 0.32 ms, found 2 plugins.
Preloading 0 native plugins for Editor in 0.00 ms.
Mono: successfully reloaded assembly
- Completed reload, in  1.202 seconds
Platform modules already initialized, skipping
========================================================================
Worker process is ready to serve import requests
Launched and connected shader compiler UnityShaderCompiler.exe after 0.09 seconds
Refreshing native plugins compatible for Editor in 0.35 ms, found 2 plugins.
Preloading 0 native plugins for Editor in 0.00 ms.
Unloading 1480 Unused Serialized files (Serialized files now loaded: 0)
System memory in use before: 69.6 MB.
System memory in use after: 69.7 MB.

Unloading 19 unused Assets to reduce memory usage. Loaded Objects now: 1920.
Total: 2.620100 ms (FindLiveObjects: 0.160300 ms CreateObjectMapping: 0.040000 ms MarkObjects: 2.272100 ms  DeleteObjects: 0.146500 ms)

========================================================================
Received Import Request.
  path: Assets/Sprites/UI/Finger.controller
  artifactKey: Guid(55ebf840d630d1c45a30faed514c6838) Importer(815301076,1909f56bfc062723c751e8b465ee728b)
Start importing Assets/Sprites/UI/Finger.controller using Guid(55ebf840d630d1c45a30faed514c6838) Importer(815301076,1909f56bfc062723c751e8b465ee728b)  -> (artifact id: 'f2aa4fba92b235ba1d3ef2306ec10759') in 0.080677 seconds
  Import took 0.091994 seconds .

========================================================================
Received Prepare
Registering precompiled user dll's ...
Registered in 0.004232 seconds.
Begin MonoManager ReloadAssembly
Native extension for WindowsStandalone target not found
Native extension for WebGL target not found
Refreshing native plugins compatible for Editor in 0.35 ms, found 2 plugins.
Preloading 0 native plugins for Editor in 0.00 ms.
Mono: successfully reloaded assembly
- Completed reload, in  1.016 seconds
Platform modules already initialized, skipping
Switching build target platform(19) subTarget(0) extendedPlatform(0) -> platform(13) subTarget(537395200) extendedPlatform(0)
Refreshing native plugins compatible for Editor in 1.14 ms, found 2 plugins.
Preloading 0 native plugins for Editor in 0.00 ms.
Unloading 1471 Unused Serialized files (Serialized files now loaded: 0)
System memory in use before: 68.5 MB.
System memory in use after: 68.6 MB.

Unloading 14 unused Assets to reduce memory usage. Loaded Objects now: 1923.
Total: 3.141100 ms (FindLiveObjects: 0.229700 ms CreateObjectMapping: 0.065100 ms MarkObjects: 2.735400 ms  DeleteObjects: 0.109200 ms)

AssetImportParameters requested are different than current active one (requested -> active):
  custom:graphics/normal-map-encoding: 01000000000000000000000000000000 -> 02000000000000000000000000000000
========================================================================
Received Import Request.
  Time since last request: 250.888589 seconds.
  path: Assets/Prefabs/BlockCharacters1.prefab
  artifactKey: Guid(63736b5ad73c17141ab38bce4db3bf10) Importer(815301076,1909f56bfc062723c751e8b465ee728b)
Start importing Assets/Prefabs/BlockCharacters1.prefab using Guid(63736b5ad73c17141ab38bce4db3bf10) Importer(815301076,1909f56bfc062723c751e8b465ee728b)  -> (artifact id: '4d3f237c7a1064299554b8a9acd15bf1') in 0.235024 seconds
  Import took 0.261848 seconds .

========================================================================
Received Import Request.
  Time since last request: 0.000347 seconds.
  path: Assets/Prefabs/BlockCharacters2.prefab
  artifactKey: Guid(1e7ea8fe41e6fca4594f7685d63360da) Importer(815301076,1909f56bfc062723c751e8b465ee728b)
Start importing Assets/Prefabs/BlockCharacters2.prefab using Guid(1e7ea8fe41e6fca4594f7685d63360da) Importer(815301076,1909f56bfc062723c751e8b465ee728b)  -> (artifact id: '4d67ec8b2535e8859fb792c4aa6676f7') in 0.090005 seconds
  Import took 0.093750 seconds .

========================================================================
Received Import Request.
  Time since last request: 0.000403 seconds.
  path: Assets/Prefabs/Character.prefab
  artifactKey: Guid(b50a1f00dde7c52468399bf4569c9f30) Importer(815301076,1909f56bfc062723c751e8b465ee728b)
Start importing Assets/Prefabs/Character.prefab using Guid(b50a1f00dde7c52468399bf4569c9f30) Importer(815301076,1909f56bfc062723c751e8b465ee728b)  -> (artifact id: '463e483546ddb135f834c64f05e39615') in 0.031511 seconds
  Import took 0.035494 seconds .

========================================================================
Received Import Request.
  Time since last request: 0.000275 seconds.
  path: Assets/Prefabs/BlockCharacters3.prefab
  artifactKey: Guid(a20b9410f53ea5c43ae9647a742da5f4) Importer(815301076,1909f56bfc062723c751e8b465ee728b)
Start importing Assets/Prefabs/BlockCharacters3.prefab using Guid(a20b9410f53ea5c43ae9647a742da5f4) Importer(815301076,1909f56bfc062723c751e8b465ee728b)  -> (artifact id: 'a3499534850635d4bb5f8fd9cb91b462') in 0.039537 seconds
  Import took 0.064772 seconds .

========================================================================
Received Import Request.
  Time since last request: 7.932920 seconds.
  path: Assets/Prefabs/BlockCharacters1.prefab
  artifactKey: Guid(63736b5ad73c17141ab38bce4db3bf10) Importer(815301076,1909f56bfc062723c751e8b465ee728b)
Start importing Assets/Prefabs/BlockCharacters1.prefab using Guid(63736b5ad73c17141ab38bce4db3bf10) Importer(815301076,1909f56bfc062723c751e8b465ee728b)  -> (artifact id: 'd413b52cdfab49b41a261fc85d2df901') in 0.058578 seconds
  Import took 0.062958 seconds .

========================================================================
Received Import Request.
  Time since last request: 0.000371 seconds.
  path: Assets/Prefabs/BlockCharacters2.prefab
  artifactKey: Guid(1e7ea8fe41e6fca4594f7685d63360da) Importer(815301076,1909f56bfc062723c751e8b465ee728b)
Start importing Assets/Prefabs/BlockCharacters2.prefab using Guid(1e7ea8fe41e6fca4594f7685d63360da) Importer(815301076,1909f56bfc062723c751e8b465ee728b)  -> (artifact id: '1a82dd02fd70c13a839eeb5bfde1a16d') in 0.040350 seconds
  Import took 0.051879 seconds .

========================================================================
Received Import Request.
  Time since last request: 0.000367 seconds.
  path: Assets/Prefabs/Character.prefab
  artifactKey: Guid(b50a1f00dde7c52468399bf4569c9f30) Importer(815301076,1909f56bfc062723c751e8b465ee728b)
Start importing Assets/Prefabs/Character.prefab using Guid(b50a1f00dde7c52468399bf4569c9f30) Importer(815301076,1909f56bfc062723c751e8b465ee728b)  -> (artifact id: '6de33e1d7ac5ce80cb66ab3b520dd1d0') in 0.047706 seconds
  Import took 0.072562 seconds .

========================================================================
Received Import Request.
  Time since last request: 0.000432 seconds.
  path: Assets/Prefabs/BlockCharacters3.prefab
  artifactKey: Guid(a20b9410f53ea5c43ae9647a742da5f4) Importer(815301076,1909f56bfc062723c751e8b465ee728b)
Start importing Assets/Prefabs/BlockCharacters3.prefab using Guid(a20b9410f53ea5c43ae9647a742da5f4) Importer(815301076,1909f56bfc062723c751e8b465ee728b)  -> (artifact id: '977333f8c75e36d43de8f9c874d3b815') in 0.045065 seconds
  Import took 0.062038 seconds .

========================================================================
Received Import Request.
  Time since last request: 12.323803 seconds.
  path: Assets/Prefabs/BlockCharacters1.prefab
  artifactKey: Guid(63736b5ad73c17141ab38bce4db3bf10) Importer(815301076,1909f56bfc062723c751e8b465ee728b)
Start importing Assets/Prefabs/BlockCharacters1.prefab using Guid(63736b5ad73c17141ab38bce4db3bf10) Importer(815301076,1909f56bfc062723c751e8b465ee728b)  -> (artifact id: 'fb6674765fc7b8b856c6aa76ee40900a') in 0.036394 seconds
  Import took 0.040349 seconds .

========================================================================
Received Import Request.
  Time since last request: 0.000335 seconds.
  path: Assets/Prefabs/BlockCharacters2.prefab
  artifactKey: Guid(1e7ea8fe41e6fca4594f7685d63360da) Importer(815301076,1909f56bfc062723c751e8b465ee728b)
Start importing Assets/Prefabs/BlockCharacters2.prefab using Guid(1e7ea8fe41e6fca4594f7685d63360da) Importer(815301076,1909f56bfc062723c751e8b465ee728b)  -> (artifact id: '0f2612213c59ea95e607cb7d6871533a') in 0.036547 seconds
  Import took 0.040470 seconds .

========================================================================
Received Import Request.
  Time since last request: 0.000302 seconds.
  path: Assets/Prefabs/Character.prefab
  artifactKey: Guid(b50a1f00dde7c52468399bf4569c9f30) Importer(815301076,1909f56bfc062723c751e8b465ee728b)
Start importing Assets/Prefabs/Character.prefab using Guid(b50a1f00dde7c52468399bf4569c9f30) Importer(815301076,1909f56bfc062723c751e8b465ee728b)  -> (artifact id: '0d3decd93e60a983a6e75f6dc90ad488') in 0.025568 seconds
  Import took 0.044423 seconds .

========================================================================
Received Import Request.
  Time since last request: 0.000373 seconds.
  path: Assets/Prefabs/BlockCharacters3.prefab
  artifactKey: Guid(a20b9410f53ea5c43ae9647a742da5f4) Importer(815301076,1909f56bfc062723c751e8b465ee728b)
Start importing Assets/Prefabs/BlockCharacters3.prefab using Guid(a20b9410f53ea5c43ae9647a742da5f4) Importer(815301076,1909f56bfc062723c751e8b465ee728b)  -> (artifact id: '4de77f6f0f4cebd22e4a2513dfc94776') in 0.041735 seconds
  Import took 0.045164 seconds .

========================================================================
Received Import Request.
  Time since last request: 5.130407 seconds.
  path: Assets/Prefabs/BlockCharacters1.prefab
  artifactKey: Guid(63736b5ad73c17141ab38bce4db3bf10) Importer(815301076,1909f56bfc062723c751e8b465ee728b)
Start importing Assets/Prefabs/BlockCharacters1.prefab using Guid(63736b5ad73c17141ab38bce4db3bf10) Importer(815301076,1909f56bfc062723c751e8b465ee728b)  -> (artifact id: '2cf5e771905d575a56bf7196883a0f94') in 0.034850 seconds
  Import took 0.050747 seconds .

========================================================================
Received Import Request.
  Time since last request: 0.000415 seconds.
  path: Assets/Prefabs/BlockCharacters2.prefab
  artifactKey: Guid(1e7ea8fe41e6fca4594f7685d63360da) Importer(815301076,1909f56bfc062723c751e8b465ee728b)
Start importing Assets/Prefabs/BlockCharacters2.prefab using Guid(1e7ea8fe41e6fca4594f7685d63360da) Importer(815301076,1909f56bfc062723c751e8b465ee728b)  -> (artifact id: '8499c1d6e8ad7353a2bca77143972033') in 0.036076 seconds
  Import took 0.040343 seconds .

========================================================================
Received Import Request.
  Time since last request: 0.000310 seconds.
  path: Assets/Prefabs/Character.prefab
  artifactKey: Guid(b50a1f00dde7c52468399bf4569c9f30) Importer(815301076,1909f56bfc062723c751e8b465ee728b)
Start importing Assets/Prefabs/Character.prefab using Guid(b50a1f00dde7c52468399bf4569c9f30) Importer(815301076,1909f56bfc062723c751e8b465ee728b)  -> (artifact id: '108b98337ba11d2bcd044856d1e8fb27') in 0.030733 seconds
  Import took 0.034236 seconds .

========================================================================
Received Import Request.
  Time since last request: 0.000353 seconds.
  path: Assets/Prefabs/BlockCharacters3.prefab
  artifactKey: Guid(a20b9410f53ea5c43ae9647a742da5f4) Importer(815301076,1909f56bfc062723c751e8b465ee728b)
Start importing Assets/Prefabs/BlockCharacters3.prefab using Guid(a20b9410f53ea5c43ae9647a742da5f4) Importer(815301076,1909f56bfc062723c751e8b465ee728b)  -> (artifact id: '2a0e8baa7738c54ba527a96068480f49') in 0.037214 seconds
  Import took 0.040933 seconds .

========================================================================
Received Prepare
Registering precompiled user dll's ...
Registered in 0.003938 seconds.
Begin MonoManager ReloadAssembly
Native extension for WindowsStandalone target not found
Native extension for WebGL target not found
Refreshing native plugins compatible for Editor in 0.34 ms, found 2 plugins.
Preloading 0 native plugins for Editor in 0.00 ms.
Mono: successfully reloaded assembly
- Completed reload, in  0.956 seconds
Platform modules already initialized, skipping
Switching build target platform(19) subTarget(0) extendedPlatform(0) -> platform(13) subTarget(537395200) extendedPlatform(0)
Refreshing native plugins compatible for Editor in 0.34 ms, found 2 plugins.
Preloading 0 native plugins for Editor in 0.00 ms.
Unloading 1471 Unused Serialized files (Serialized files now loaded: 0)
System memory in use before: 85.7 MB.
System memory in use after: 85.8 MB.

Unloading 14 unused Assets to reduce memory usage. Loaded Objects now: 1934.
Total: 2.015800 ms (FindLiveObjects: 0.156200 ms CreateObjectMapping: 0.038500 ms MarkObjects: 1.750000 ms  DeleteObjects: 0.070100 ms)

AssetImportParameters requested are different than current active one (requested -> active):
  custom:graphics/normal-map-encoding: 01000000000000000000000000000000 -> 02000000000000000000000000000000
========================================================================
Received Import Request.
  Time since last request: 39.043875 seconds.
  path: Assets/Prefabs/BlockCharacters1.prefab
  artifactKey: Guid(63736b5ad73c17141ab38bce4db3bf10) Importer(815301076,1909f56bfc062723c751e8b465ee728b)
Start importing Assets/Prefabs/BlockCharacters1.prefab using Guid(63736b5ad73c17141ab38bce4db3bf10) Importer(815301076,1909f56bfc062723c751e8b465ee728b)  -> (artifact id: '69c1ca45974901b41e8c2713d94b0108') in 0.174579 seconds
  Import took 0.180611 seconds .

========================================================================
Received Import Request.
  Time since last request: 0.000555 seconds.
  path: Assets/Prefabs/BlockCharacters2.prefab
  artifactKey: Guid(1e7ea8fe41e6fca4594f7685d63360da) Importer(815301076,1909f56bfc062723c751e8b465ee728b)
Start importing Assets/Prefabs/BlockCharacters2.prefab using Guid(1e7ea8fe41e6fca4594f7685d63360da) Importer(815301076,1909f56bfc062723c751e8b465ee728b)  -> (artifact id: '2a6bf42074e0866bf9087ade60e0865b') in 0.035283 seconds
  Import took 0.039565 seconds .

========================================================================
Received Import Request.
  Time since last request: 0.000343 seconds.
  path: Assets/Prefabs/Character.prefab
  artifactKey: Guid(b50a1f00dde7c52468399bf4569c9f30) Importer(815301076,1909f56bfc062723c751e8b465ee728b)
Start importing Assets/Prefabs/Character.prefab using Guid(b50a1f00dde7c52468399bf4569c9f30) Importer(815301076,1909f56bfc062723c751e8b465ee728b)  -> (artifact id: '1179d5e3291642a385f516246a8b74da') in 0.027827 seconds
  Import took 0.042408 seconds .

========================================================================
Received Import Request.
  Time since last request: 0.000577 seconds.
  path: Assets/Prefabs/BlockCharacters3.prefab
  artifactKey: Guid(a20b9410f53ea5c43ae9647a742da5f4) Importer(815301076,1909f56bfc062723c751e8b465ee728b)
Start importing Assets/Prefabs/BlockCharacters3.prefab using Guid(a20b9410f53ea5c43ae9647a742da5f4) Importer(815301076,1909f56bfc062723c751e8b465ee728b)  -> (artifact id: '1e8b8487a48956667eec3db90e501b59') in 0.041943 seconds
  Import took 0.046898 seconds .

========================================================================
Received Prepare
Registering precompiled user dll's ...
Registered in 0.003541 seconds.
Begin MonoManager ReloadAssembly
Native extension for WindowsStandalone target not found
Native extension for WebGL target not found
Refreshing native plugins compatible for Editor in 0.31 ms, found 2 plugins.
Preloading 0 native plugins for Editor in 0.00 ms.
Mono: successfully reloaded assembly
- Completed reload, in  0.950 seconds
Platform modules already initialized, skipping
Switching build target platform(19) subTarget(0) extendedPlatform(0) -> platform(13) subTarget(537395200) extendedPlatform(0)
Refreshing native plugins compatible for Editor in 0.40 ms, found 2 plugins.
Preloading 0 native plugins for Editor in 0.00 ms.
Unloading 1471 Unused Serialized files (Serialized files now loaded: 0)
System memory in use before: 85.7 MB.
System memory in use after: 85.8 MB.

Unloading 14 unused Assets to reduce memory usage. Loaded Objects now: 1938.
Total: 2.899300 ms (FindLiveObjects: 0.211100 ms CreateObjectMapping: 0.066700 ms MarkObjects: 2.510500 ms  DeleteObjects: 0.109200 ms)

AssetImportParameters requested are different than current active one (requested -> active):
  custom:graphics/normal-map-encoding: 01000000000000000000000000000000 -> 02000000000000000000000000000000
========================================================================
Received Prepare
Refreshing native plugins compatible for Editor in 2.46 ms, found 2 plugins.
Preloading 0 native plugins for Editor in 0.00 ms.
Unloading 12 Unused Serialized files (Serialized files now loaded: 0)
System memory in use before: 57.3 MB.
System memory in use after: 57.4 MB.

Unloading 12 unused Assets to reduce memory usage. Loaded Objects now: 1938.
Total: 2.171600 ms (FindLiveObjects: 0.158900 ms CreateObjectMapping: 0.044000 ms MarkObjects: 1.858400 ms  DeleteObjects: 0.109200 ms)

AssetImportWorkerClient::OnTransportError - code=2 error=End of file
